#! /c/Source/iverilog-install/bin/vvp
:ivl_version "12.0 (devel)" "(s20150603-1539-g2693dd32b)";
:ivl_delay_selection "TYPICAL";
:vpi_time_precision - 12;
:vpi_module "C:\Users\rajes\iverilog\lib\ivl\system.vpi";
:vpi_module "C:\Users\rajes\iverilog\lib\ivl\vhdl_sys.vpi";
:vpi_module "C:\Users\rajes\iverilog\lib\ivl\vhdl_textio.vpi";
:vpi_module "C:\Users\rajes\iverilog\lib\ivl\v2005_math.vpi";
:vpi_module "C:\Users\rajes\iverilog\lib\ivl\va_math.vpi";
:vpi_module "C:\Users\rajes\iverilog\lib\ivl\v2009.vpi";
S_0000026b5209ecd0 .scope package, "$unit" "$unit" 2 1;
 .timescale 0 0;
S_0000026b5209ee60 .scope module, "tb_fixed_div_comb" "tb_fixed_div_comb" 3 3;
 .timescale -9 -12;
v0000026b520f6670_0 .var "A", 31 0;
v0000026b520f6710_0 .var "D", 31 0;
v0000026b520f6210_0 .net "Res", 31 0, v0000026b5208e1e0_0;  1 drivers
v0000026b520f67b0_0 .var/real "error_val", 0 0;
v0000026b520f6ad0_0 .var/real "expected_val", 0 0;
v0000026b520f60d0_0 .var/real "float_res", 0 0;
v0000026b520f6df0_0 .var/real "scale_factor", 0 0;
S_0000026b521c6420 .scope task, "run_test" "run_test" 3 42, 3 42 0, S_0000026b5209ee60;
 .timescale -9 -12;
v0000026b5209eff0_0 .var "den", 31 0;
v0000026b5209f090_0 .var "num", 31 0;
TD_tb_fixed_div_comb.run_test ;
    %load/vec4 v0000026b5209f090_0;
    %store/vec4 v0000026b520f6670_0, 0, 32;
    %load/vec4 v0000026b5209eff0_0;
    %store/vec4 v0000026b520f6710_0, 0, 32;
    %delay 10000, 0;
    %vpi_func/r 3 50 "$itor", v0000026b520f6210_0 {0 0 0};
    %load/real v0000026b520f6df0_0;
    %div/wr;
    %store/real v0000026b520f60d0_0;
    %vpi_func/r 3 51 "$itor", v0000026b5209f090_0 {0 0 0};
    %vpi_func/r 3 51 "$itor", v0000026b5209eff0_0 {0 0 0};
    %div/wr;
    %store/real v0000026b520f6ad0_0;
    %load/real v0000026b520f60d0_0;
    %load/real v0000026b520f6ad0_0;
    %sub/wr;
    %store/real v0000026b520f67b0_0;
    %load/real v0000026b520f67b0_0;
    %pushi/vec4 0, 0, 32;
    %cvt/rv/s;
    %cmp/wr;
    %jmp/0xz  T_0.0, 5;
    %pushi/real 0, 0; load 0.0
    %load/real v0000026b520f67b0_0;
    %sub/wr;
    %store/real v0000026b520f67b0_0;
T_0.0 ;
    %vpi_call/w 3 55 "$display", "Test: %0d / %0d", v0000026b5209f090_0, v0000026b5209eff0_0 {0 0 0};
    %vpi_call/w 3 56 "$display", "  Result   : %1.8f (Hex: %h)", v0000026b520f60d0_0, v0000026b520f6210_0 {0 0 0};
    %vpi_call/w 3 57 "$display", "  Expected : %1.8f", v0000026b520f6ad0_0 {0 0 0};
    %vpi_call/w 3 58 "$display", "  Error    : %e", v0000026b520f67b0_0 {0 0 0};
    %vpi_call/w 3 59 "$display", "---------------------------------------------------------------" {0 0 0};
    %end;
S_0000026b521c65b0 .scope module, "uut" "fixed_div_comb" 3 9, 4 3 0, S_0000026b5209ee60;
 .timescale -9 -12;
    .port_info 0 /INPUT 32 "numerator";
    .port_info 1 /INPUT 32 "denominator";
    .port_info 2 /OUTPUT 32 "result";
P_0000026b521c6740 .param/l "C1" 1 4 12, C4<10110100101101000000001101100001>;
P_0000026b521c6778 .param/l "C2" 1 4 13, C4<01111000011110000000001001000001>;
P_0000026b521c67b0 .param/l "FRAC" 0 4 9, +C4<00000000000000000000000000011110>;
P_0000026b521c67e8 .param/l "TWO" 1 4 14, C4<10000000000000000000000000000000>;
v0000026b5208dec0_0 .var "d_norm", 31 0;
v0000026b5208df60_0 .net "denominator", 31 0, v0000026b520f6710_0;  1 drivers
v0000026b5208e000_0 .var/i "i", 31 0;
v0000026b5208e0a0_0 .var "mult_temp", 63 0;
v0000026b5208e140_0 .net "numerator", 31 0, v0000026b520f6670_0;  1 drivers
v0000026b5208e1e0_0 .var "result", 31 0;
v0000026b52093900_0 .var/s "shift", 6 0;
v0000026b520939a0_0 .var "term1", 31 0;
v0000026b52093a40_0 .var "term2", 31 0;
v0000026b52093ae0_0 .var "term3", 31 0;
v0000026b52093b80_0 .var "term4", 31 0;
v0000026b52093c20_0 .var "term5", 31 0;
v0000026b52093cc0_0 .var "x0", 31 0;
v0000026b520f6490_0 .var "x1", 31 0;
v0000026b520f6fd0_0 .var "x2", 31 0;
v0000026b520f6530_0 .var "x3", 31 0;
v0000026b520f65d0_0 .var "x4", 31 0;
v0000026b520f6f30_0 .var "x5", 31 0;
E_0000026b5208b150/0 .event anyedge, v0000026b5208df60_0, v0000026b52093900_0, v0000026b5208dec0_0, v0000026b5208e0a0_0;
E_0000026b5208b150/1 .event anyedge, v0000026b52093cc0_0, v0000026b520939a0_0, v0000026b520f6490_0, v0000026b52093a40_0;
E_0000026b5208b150/2 .event anyedge, v0000026b520f6fd0_0, v0000026b52093ae0_0, v0000026b520f6530_0, v0000026b52093b80_0;
E_0000026b5208b150/3 .event anyedge, v0000026b520f65d0_0, v0000026b52093c20_0, v0000026b5208e140_0, v0000026b520f6f30_0;
E_0000026b5208b150 .event/or E_0000026b5208b150/0, E_0000026b5208b150/1, E_0000026b5208b150/2, E_0000026b5208b150/3;
    .scope S_0000026b521c65b0;
T_1 ;
    %wait E_0000026b5208b150;
    %pushi/vec4 0, 0, 7;
    %store/vec4 v0000026b52093900_0, 0, 7;
    %pushi/vec4 0, 0, 32;
    %store/vec4 v0000026b5208e000_0, 0, 32;
T_1.0 ;
    %load/vec4 v0000026b5208e000_0;
    %cmpi/s 32, 0, 32;
    %jmp/0xz T_1.1, 5;
    %load/vec4 v0000026b5208df60_0;
    %load/vec4 v0000026b5208e000_0;
    %part/s 1;
    %flag_set/vec4 8;
    %jmp/0xz  T_1.2, 8;
    %pushi/vec4 29, 0, 32;
    %load/vec4 v0000026b5208e000_0;
    %sub;
    %pad/s 7;
    %store/vec4 v0000026b52093900_0, 0, 7;
T_1.2 ;
    %load/vec4 v0000026b5208e000_0;
    %addi 1, 0, 32;
    %store/vec4 v0000026b5208e000_0, 0, 32;
    %jmp T_1.0;
T_1.1 ;
    %load/vec4 v0000026b5208df60_0;
    %load/vec4 v0000026b52093900_0;
    %ix/vec4 4;
    %shiftl 4;
    %store/vec4 v0000026b5208dec0_0, 0, 32;
    %load/vec4 v0000026b5208dec0_0;
    %pad/u 64;
    %muli 2021130817, 0, 64;
    %store/vec4 v0000026b5208e0a0_0, 0, 64;
    %pushi/vec4 3031696225, 0, 64;
    %load/vec4 v0000026b5208e0a0_0;
    %ix/load 4, 30, 0;
    %flag_set/imm 4, 0;
    %shiftr 4;
    %sub;
    %pad/u 32;
    %store/vec4 v0000026b52093cc0_0, 0, 32;
    %load/vec4 v0000026b5208dec0_0;
    %pad/u 64;
    %load/vec4 v0000026b52093cc0_0;
    %pad/u 64;
    %mul;
    %store/vec4 v0000026b5208e0a0_0, 0, 64;
    %load/vec4 v0000026b5208e0a0_0;
    %ix/load 4, 30, 0;
    %flag_set/imm 4, 0;
    %shiftr 4;
    %pad/u 32;
    %store/vec4 v0000026b520939a0_0, 0, 32;
    %load/vec4 v0000026b52093cc0_0;
    %pad/u 64;
    %pushi/vec4 2147483648, 0, 64;
    %load/vec4 v0000026b520939a0_0;
    %pad/u 64;
    %sub;
    %mul;
    %store/vec4 v0000026b5208e0a0_0, 0, 64;
    %load/vec4 v0000026b5208e0a0_0;
    %ix/load 4, 30, 0;
    %flag_set/imm 4, 0;
    %shiftr 4;
    %pad/u 32;
    %store/vec4 v0000026b520f6490_0, 0, 32;
    %load/vec4 v0000026b5208dec0_0;
    %pad/u 64;
    %load/vec4 v0000026b520f6490_0;
    %pad/u 64;
    %mul;
    %store/vec4 v0000026b5208e0a0_0, 0, 64;
    %load/vec4 v0000026b5208e0a0_0;
    %ix/load 4, 30, 0;
    %flag_set/imm 4, 0;
    %shiftr 4;
    %pad/u 32;
    %store/vec4 v0000026b52093a40_0, 0, 32;
    %load/vec4 v0000026b520f6490_0;
    %pad/u 64;
    %pushi/vec4 2147483648, 0, 64;
    %load/vec4 v0000026b52093a40_0;
    %pad/u 64;
    %sub;
    %mul;
    %store/vec4 v0000026b5208e0a0_0, 0, 64;
    %load/vec4 v0000026b5208e0a0_0;
    %ix/load 4, 30, 0;
    %flag_set/imm 4, 0;
    %shiftr 4;
    %pad/u 32;
    %store/vec4 v0000026b520f6fd0_0, 0, 32;
    %load/vec4 v0000026b5208dec0_0;
    %pad/u 64;
    %load/vec4 v0000026b520f6fd0_0;
    %pad/u 64;
    %mul;
    %store/vec4 v0000026b5208e0a0_0, 0, 64;
    %load/vec4 v0000026b5208e0a0_0;
    %ix/load 4, 30, 0;
    %flag_set/imm 4, 0;
    %shiftr 4;
    %pad/u 32;
    %store/vec4 v0000026b52093ae0_0, 0, 32;
    %load/vec4 v0000026b520f6fd0_0;
    %pad/u 64;
    %pushi/vec4 2147483648, 0, 64;
    %load/vec4 v0000026b52093ae0_0;
    %pad/u 64;
    %sub;
    %mul;
    %store/vec4 v0000026b5208e0a0_0, 0, 64;
    %load/vec4 v0000026b5208e0a0_0;
    %ix/load 4, 30, 0;
    %flag_set/imm 4, 0;
    %shiftr 4;
    %pad/u 32;
    %store/vec4 v0000026b520f6530_0, 0, 32;
    %load/vec4 v0000026b5208dec0_0;
    %pad/u 64;
    %load/vec4 v0000026b520f6530_0;
    %pad/u 64;
    %mul;
    %store/vec4 v0000026b5208e0a0_0, 0, 64;
    %load/vec4 v0000026b5208e0a0_0;
    %ix/load 4, 30, 0;
    %flag_set/imm 4, 0;
    %shiftr 4;
    %pad/u 32;
    %store/vec4 v0000026b52093b80_0, 0, 32;
    %load/vec4 v0000026b520f6530_0;
    %pad/u 64;
    %pushi/vec4 2147483648, 0, 64;
    %load/vec4 v0000026b52093b80_0;
    %pad/u 64;
    %sub;
    %mul;
    %store/vec4 v0000026b5208e0a0_0, 0, 64;
    %load/vec4 v0000026b5208e0a0_0;
    %ix/load 4, 30, 0;
    %flag_set/imm 4, 0;
    %shiftr 4;
    %pad/u 32;
    %store/vec4 v0000026b520f65d0_0, 0, 32;
    %load/vec4 v0000026b5208dec0_0;
    %pad/u 64;
    %load/vec4 v0000026b520f65d0_0;
    %pad/u 64;
    %mul;
    %store/vec4 v0000026b5208e0a0_0, 0, 64;
    %load/vec4 v0000026b5208e0a0_0;
    %ix/load 4, 30, 0;
    %flag_set/imm 4, 0;
    %shiftr 4;
    %pad/u 32;
    %store/vec4 v0000026b52093c20_0, 0, 32;
    %load/vec4 v0000026b520f65d0_0;
    %pad/u 64;
    %pushi/vec4 2147483648, 0, 64;
    %load/vec4 v0000026b52093c20_0;
    %pad/u 64;
    %sub;
    %mul;
    %store/vec4 v0000026b5208e0a0_0, 0, 64;
    %load/vec4 v0000026b5208e0a0_0;
    %ix/load 4, 30, 0;
    %flag_set/imm 4, 0;
    %shiftr 4;
    %pad/u 32;
    %store/vec4 v0000026b520f6f30_0, 0, 32;
    %load/vec4 v0000026b5208e140_0;
    %pad/u 64;
    %load/vec4 v0000026b520f6f30_0;
    %pad/u 64;
    %mul;
    %store/vec4 v0000026b5208e0a0_0, 0, 64;
    %load/vec4 v0000026b52093900_0;
    %pad/s 32;
    %cmpi/s 0, 0, 32;
    %flag_inv 5; GE is !LT
    %jmp/0xz  T_1.4, 5;
    %load/vec4 v0000026b5208e0a0_0;
    %pushi/vec4 30, 0, 32;
    %load/vec4 v0000026b52093900_0;
    %pad/s 32;
    %sub;
    %ix/vec4 4;
    %shiftr 4;
    %pad/u 32;
    %store/vec4 v0000026b5208e1e0_0, 0, 32;
T_1.4 ;
    %jmp T_1;
    .thread T_1, $push;
    .scope S_0000026b5209ee60;
T_2 ;
    %pushi/real 1073741824, 4096; load=1.07374e+09
    %store/real v0000026b520f6df0_0;
    %end;
    .thread T_2, $init;
    .scope S_0000026b5209ee60;
T_3 ;
    %vpi_call/w 3 22 "$display", "---------------------------------------------------------------" {0 0 0};
    %vpi_call/w 3 23 "$display", " COMBINATIONAL DIVISION TEST WITH ERROR ANALYSIS" {0 0 0};
    %vpi_call/w 3 24 "$display", "---------------------------------------------------------------" {0 0 0};
    %pushi/vec4 15, 0, 32;
    %store/vec4 v0000026b5209f090_0, 0, 32;
    %pushi/vec4 23, 0, 32;
    %store/vec4 v0000026b5209eff0_0, 0, 32;
    %fork TD_tb_fixed_div_comb.run_test, S_0000026b521c6420;
    %join;
    %pushi/vec4 10, 0, 32;
    %store/vec4 v0000026b5209f090_0, 0, 32;
    %pushi/vec4 79, 0, 32;
    %store/vec4 v0000026b5209eff0_0, 0, 32;
    %fork TD_tb_fixed_div_comb.run_test, S_0000026b521c6420;
    %join;
    %pushi/vec4 7, 0, 32;
    %store/vec4 v0000026b5209f090_0, 0, 32;
    %pushi/vec4 97, 0, 32;
    %store/vec4 v0000026b5209eff0_0, 0, 32;
    %fork TD_tb_fixed_div_comb.run_test, S_0000026b521c6420;
    %join;
    %pushi/vec4 25, 0, 32;
    %store/vec4 v0000026b5209f090_0, 0, 32;
    %pushi/vec4 53, 0, 32;
    %store/vec4 v0000026b5209eff0_0, 0, 32;
    %fork TD_tb_fixed_div_comb.run_test, S_0000026b521c6420;
    %join;
    %pushi/vec4 9, 0, 32;
    %store/vec4 v0000026b5209f090_0, 0, 32;
    %pushi/vec4 71, 0, 32;
    %store/vec4 v0000026b5209eff0_0, 0, 32;
    %fork TD_tb_fixed_div_comb.run_test, S_0000026b521c6420;
    %join;
    %vpi_call/w 3 36 "$finish" {0 0 0};
    %end;
    .thread T_3;
# The file index is used to find the file name in the following table.
:file_names 5;
    "N/A";
    "<interactive>";
    "-";
    "tb.v";
    "div32.v";
