#! /usr/bin/vvp
:ivl_version "12.0 (stable)";
:ivl_delay_selection "TYPICAL";
:vpi_time_precision - 3;
:vpi_module "/usr/lib/x86_64-linux-gnu/ivl/system.vpi";
:vpi_module "/usr/lib/x86_64-linux-gnu/ivl/vhdl_sys.vpi";
:vpi_module "/usr/lib/x86_64-linux-gnu/ivl/vhdl_textio.vpi";
:vpi_module "/usr/lib/x86_64-linux-gnu/ivl/v2005_math.vpi";
:vpi_module "/usr/lib/x86_64-linux-gnu/ivl/va_math.vpi";
S_0x55b7216cc020 .scope module, "tb_hybrid_traffic" "tb_hybrid_traffic" 2 3;
 .timescale 0 -3;
v0x55b7216e94c0_0 .net "T1", 2 0, v0x55b7216ad480_0;  1 drivers
v0x55b7216e95a0_0 .net "T1_walk", 0 0, v0x55b7216ad550_0;  1 drivers
v0x55b7216e9670_0 .net "T2", 2 0, v0x55b7216e8680_0;  1 drivers
v0x55b7216e9770_0 .net "T2_walk", 0 0, v0x55b7216e8770_0;  1 drivers
v0x55b7216e9840_0 .net "buzzer_1", 0 0, v0x55b7216e8830_0;  1 drivers
v0x55b7216e98e0_0 .net "buzzer_2", 0 0, v0x55b7216e8940_0;  1 drivers
v0x55b7216e99b0_0 .var "clk", 0 0;
v0x55b7216e9a80_0 .var "emergency_left", 0 0;
v0x55b7216e9b50_0 .var "emergency_right", 0 0;
v0x55b7216e9c20_0 .var "reset", 0 0;
S_0x55b7216cc1b0 .scope module, "uut" "hybrid_traffic_signal_control_fsm" 2 11, 3 1 0, S_0x55b7216cc020;
 .timescale 0 0;
    .port_info 0 /INPUT 1 "clk";
    .port_info 1 /INPUT 1 "reset";
    .port_info 2 /INPUT 1 "emergency_right";
    .port_info 3 /INPUT 1 "emergency_left";
    .port_info 4 /OUTPUT 3 "T1";
    .port_info 5 /OUTPUT 3 "T2";
    .port_info 6 /OUTPUT 1 "buzzer_1";
    .port_info 7 /OUTPUT 1 "buzzer_2";
    .port_info 8 /OUTPUT 1 "T1_walk";
    .port_info 9 /OUTPUT 1 "T2_walk";
P_0x55b721684490 .param/l "EMERGENCY_TIME" 0 3 27, +C4<00000000000000000000001001011000>;
P_0x55b7216844d0 .param/l "GREEN" 0 3 15, C4<01>;
P_0x55b721684510 .param/l "RED" 0 3 15, C4<00>;
P_0x55b721684550 .param/l "T_GREEN" 0 3 25, +C4<00000000000000000000000000011110>;
P_0x55b721684590 .param/l "T_RED" 0 3 24, +C4<00000000000000000000000000100011>;
P_0x55b7216845d0 .param/l "T_YELLOW" 0 3 26, +C4<00000000000000000000000000000101>;
P_0x55b721684610 .param/l "YELLOW" 0 3 15, C4<10>;
v0x55b7216ad480_0 .var "T1", 2 0;
v0x55b7216ad550_0 .var "T1_walk", 0 0;
v0x55b7216e8680_0 .var "T2", 2 0;
v0x55b7216e8770_0 .var "T2_walk", 0 0;
v0x55b7216e8830_0 .var "buzzer_1", 0 0;
v0x55b7216e8940_0 .var "buzzer_2", 0 0;
v0x55b7216e8a00_0 .net "clk", 0 0, v0x55b7216e99b0_0;  1 drivers
v0x55b7216e8ac0_0 .net "emergency_left", 0 0, v0x55b7216e9a80_0;  1 drivers
v0x55b7216e8b80_0 .net "emergency_right", 0 0, v0x55b7216e9b50_0;  1 drivers
v0x55b7216e8c40_0 .var "emergency_timer", 23 0;
v0x55b7216e8d20_0 .var "next_state_T1", 1 0;
v0x55b7216e8e00_0 .var "next_state_T2", 1 0;
v0x55b7216e8ee0_0 .net "reset", 0 0, v0x55b7216e9c20_0;  1 drivers
v0x55b7216e8fa0_0 .var "state_T1", 1 0;
v0x55b7216e9080_0 .var "state_T2", 1 0;
v0x55b7216e9160_0 .var "timer_T1", 7 0;
v0x55b7216e9240_0 .var "timer_T2", 7 0;
E_0x55b7216bf240 .event anyedge, v0x55b7216e8b80_0, v0x55b7216e8ac0_0, v0x55b7216e8fa0_0, v0x55b7216e9080_0;
E_0x55b7216bf6f0 .event anyedge, v0x55b7216e8fa0_0, v0x55b7216e9160_0, v0x55b7216e9080_0, v0x55b7216e9240_0;
E_0x55b7216bfa60 .event anyedge, v0x55b7216e9080_0, v0x55b7216e9240_0;
E_0x55b7216a81d0 .event anyedge, v0x55b7216e8fa0_0, v0x55b7216e9160_0;
E_0x55b7216b4790 .event posedge, v0x55b7216e8ee0_0, v0x55b7216e8a00_0;
    .scope S_0x55b7216cc1b0;
T_0 ;
    %wait E_0x55b7216b4790;
    %load/vec4 v0x55b7216e8ee0_0;
    %flag_set/vec4 8;
    %jmp/0xz  T_0.0, 8;
    %pushi/vec4 0, 0, 2;
    %assign/vec4 v0x55b7216e8fa0_0, 0;
    %pushi/vec4 0, 0, 8;
    %assign/vec4 v0x55b7216e9160_0, 0;
    %jmp T_0.1;
T_0.0 ;
    %load/vec4 v0x55b7216e8b80_0;
    %flag_set/vec4 8;
    %jmp/1 T_0.4, 8;
    %load/vec4 v0x55b7216e8ac0_0;
    %flag_set/vec4 9;
    %flag_or 8, 9;
T_0.4;
    %jmp/0xz  T_0.2, 8;
    %pushi/vec4 0, 0, 2;
    %assign/vec4 v0x55b7216e8fa0_0, 0;
    %pushi/vec4 0, 0, 8;
    %assign/vec4 v0x55b7216e9160_0, 0;
    %jmp T_0.3;
T_0.2 ;
    %load/vec4 v0x55b7216e8d20_0;
    %assign/vec4 v0x55b7216e8fa0_0, 0;
    %load/vec4 v0x55b7216e8fa0_0;
    %load/vec4 v0x55b7216e8d20_0;
    %cmp/ne;
    %flag_mov 8, 4;
    %jmp/0 T_0.5, 8;
    %pushi/vec4 0, 0, 8;
    %jmp/1 T_0.6, 8;
T_0.5 ; End of true expr.
    %load/vec4 v0x55b7216e9160_0;
    %addi 1, 0, 8;
    %jmp/0 T_0.6, 8;
 ; End of false expr.
    %blend;
T_0.6;
    %assign/vec4 v0x55b7216e9160_0, 0;
T_0.3 ;
T_0.1 ;
    %jmp T_0;
    .thread T_0;
    .scope S_0x55b7216cc1b0;
T_1 ;
    %wait E_0x55b7216b4790;
    %load/vec4 v0x55b7216e8ee0_0;
    %flag_set/vec4 8;
    %jmp/0xz  T_1.0, 8;
    %pushi/vec4 1, 0, 2;
    %assign/vec4 v0x55b7216e9080_0, 0;
    %pushi/vec4 0, 0, 8;
    %assign/vec4 v0x55b7216e9240_0, 0;
    %pushi/vec4 0, 0, 24;
    %assign/vec4 v0x55b7216e8c40_0, 0;
    %jmp T_1.1;
T_1.0 ;
    %load/vec4 v0x55b7216e8b80_0;
    %flag_set/vec4 8;
    %jmp/0xz  T_1.2, 8;
    %load/vec4 v0x55b7216e8c40_0;
    %pad/u 32;
    %cmpi/u 600, 0, 32;
    %jmp/0xz  T_1.4, 5;
    %load/vec4 v0x55b7216e8c40_0;
    %addi 1, 0, 24;
    %assign/vec4 v0x55b7216e8c40_0, 0;
    %pushi/vec4 0, 0, 2;
    %assign/vec4 v0x55b7216e9080_0, 0;
    %jmp T_1.5;
T_1.4 ;
    %pushi/vec4 0, 0, 24;
    %assign/vec4 v0x55b7216e8c40_0, 0;
    %load/vec4 v0x55b7216e8e00_0;
    %assign/vec4 v0x55b7216e9080_0, 0;
T_1.5 ;
    %jmp T_1.3;
T_1.2 ;
    %load/vec4 v0x55b7216e8e00_0;
    %assign/vec4 v0x55b7216e9080_0, 0;
    %load/vec4 v0x55b7216e9080_0;
    %load/vec4 v0x55b7216e8e00_0;
    %cmp/ne;
    %flag_mov 8, 4;
    %jmp/0 T_1.6, 8;
    %pushi/vec4 0, 0, 8;
    %jmp/1 T_1.7, 8;
T_1.6 ; End of true expr.
    %load/vec4 v0x55b7216e9240_0;
    %addi 1, 0, 8;
    %jmp/0 T_1.7, 8;
 ; End of false expr.
    %blend;
T_1.7;
    %assign/vec4 v0x55b7216e9240_0, 0;
T_1.3 ;
T_1.1 ;
    %jmp T_1;
    .thread T_1;
    .scope S_0x55b7216cc1b0;
T_2 ;
    %wait E_0x55b7216a81d0;
    %load/vec4 v0x55b7216e8fa0_0;
    %store/vec4 v0x55b7216e8d20_0, 0, 2;
    %load/vec4 v0x55b7216e8fa0_0;
    %dup/vec4;
    %pushi/vec4 0, 0, 2;
    %cmp/u;
    %jmp/1 T_2.0, 6;
    %dup/vec4;
    %pushi/vec4 1, 0, 2;
    %cmp/u;
    %jmp/1 T_2.1, 6;
    %dup/vec4;
    %pushi/vec4 2, 0, 2;
    %cmp/u;
    %jmp/1 T_2.2, 6;
    %jmp T_2.3;
T_2.0 ;
    %load/vec4 v0x55b7216e9160_0;
    %pad/u 32;
    %cmpi/u 35, 0, 32;
    %flag_inv 5; GE is !LT
    %jmp/0xz  T_2.4, 5;
    %pushi/vec4 1, 0, 2;
    %store/vec4 v0x55b7216e8d20_0, 0, 2;
T_2.4 ;
    %jmp T_2.3;
T_2.1 ;
    %load/vec4 v0x55b7216e9160_0;
    %pad/u 32;
    %cmpi/u 30, 0, 32;
    %flag_inv 5; GE is !LT
    %jmp/0xz  T_2.6, 5;
    %pushi/vec4 2, 0, 2;
    %store/vec4 v0x55b7216e8d20_0, 0, 2;
T_2.6 ;
    %jmp T_2.3;
T_2.2 ;
    %load/vec4 v0x55b7216e9160_0;
    %pad/u 32;
    %cmpi/u 5, 0, 32;
    %flag_inv 5; GE is !LT
    %jmp/0xz  T_2.8, 5;
    %pushi/vec4 0, 0, 2;
    %store/vec4 v0x55b7216e8d20_0, 0, 2;
T_2.8 ;
    %jmp T_2.3;
T_2.3 ;
    %pop/vec4 1;
    %jmp T_2;
    .thread T_2, $push;
    .scope S_0x55b7216cc1b0;
T_3 ;
    %wait E_0x55b7216bfa60;
    %load/vec4 v0x55b7216e9080_0;
    %store/vec4 v0x55b7216e8e00_0, 0, 2;
    %load/vec4 v0x55b7216e9080_0;
    %dup/vec4;
    %pushi/vec4 0, 0, 2;
    %cmp/u;
    %jmp/1 T_3.0, 6;
    %dup/vec4;
    %pushi/vec4 1, 0, 2;
    %cmp/u;
    %jmp/1 T_3.1, 6;
    %dup/vec4;
    %pushi/vec4 2, 0, 2;
    %cmp/u;
    %jmp/1 T_3.2, 6;
    %jmp T_3.3;
T_3.0 ;
    %load/vec4 v0x55b7216e9240_0;
    %pad/u 32;
    %cmpi/u 35, 0, 32;
    %flag_inv 5; GE is !LT
    %jmp/0xz  T_3.4, 5;
    %pushi/vec4 1, 0, 2;
    %store/vec4 v0x55b7216e8e00_0, 0, 2;
T_3.4 ;
    %jmp T_3.3;
T_3.1 ;
    %load/vec4 v0x55b7216e9240_0;
    %pad/u 32;
    %cmpi/u 30, 0, 32;
    %flag_inv 5; GE is !LT
    %jmp/0xz  T_3.6, 5;
    %pushi/vec4 2, 0, 2;
    %store/vec4 v0x55b7216e8e00_0, 0, 2;
T_3.6 ;
    %jmp T_3.3;
T_3.2 ;
    %load/vec4 v0x55b7216e9240_0;
    %pad/u 32;
    %cmpi/u 5, 0, 32;
    %flag_inv 5; GE is !LT
    %jmp/0xz  T_3.8, 5;
    %pushi/vec4 0, 0, 2;
    %store/vec4 v0x55b7216e8e00_0, 0, 2;
T_3.8 ;
    %jmp T_3.3;
T_3.3 ;
    %pop/vec4 1;
    %jmp T_3;
    .thread T_3, $push;
    .scope S_0x55b7216cc1b0;
T_4 ;
    %wait E_0x55b7216bf6f0;
    %pushi/vec4 4, 0, 3;
    %store/vec4 v0x55b7216ad480_0, 0, 3;
    %pushi/vec4 4, 0, 3;
    %store/vec4 v0x55b7216e8680_0, 0, 3;
    %pushi/vec4 0, 0, 1;
    %store/vec4 v0x55b7216e8830_0, 0, 1;
    %pushi/vec4 0, 0, 1;
    %store/vec4 v0x55b7216e8940_0, 0, 1;
    %load/vec4 v0x55b7216e8fa0_0;
    %dup/vec4;
    %pushi/vec4 0, 0, 2;
    %cmp/u;
    %jmp/1 T_4.0, 6;
    %dup/vec4;
    %pushi/vec4 1, 0, 2;
    %cmp/u;
    %jmp/1 T_4.1, 6;
    %dup/vec4;
    %pushi/vec4 2, 0, 2;
    %cmp/u;
    %jmp/1 T_4.2, 6;
    %jmp T_4.3;
T_4.0 ;
    %pushi/vec4 4, 0, 3;
    %store/vec4 v0x55b7216ad480_0, 0, 3;
    %load/vec4 v0x55b7216e9160_0;
    %pad/u 32;
    %cmpi/u 30, 0, 32;
    %flag_inv 5; GE is !LT
    %jmp/0xz  T_4.4, 5;
    %pushi/vec4 1, 0, 1;
    %store/vec4 v0x55b7216e8830_0, 0, 1;
T_4.4 ;
    %jmp T_4.3;
T_4.1 ;
    %pushi/vec4 1, 0, 3;
    %store/vec4 v0x55b7216ad480_0, 0, 3;
    %jmp T_4.3;
T_4.2 ;
    %pushi/vec4 2, 0, 3;
    %store/vec4 v0x55b7216ad480_0, 0, 3;
    %jmp T_4.3;
T_4.3 ;
    %pop/vec4 1;
    %load/vec4 v0x55b7216e9080_0;
    %dup/vec4;
    %pushi/vec4 0, 0, 2;
    %cmp/u;
    %jmp/1 T_4.6, 6;
    %dup/vec4;
    %pushi/vec4 1, 0, 2;
    %cmp/u;
    %jmp/1 T_4.7, 6;
    %dup/vec4;
    %pushi/vec4 2, 0, 2;
    %cmp/u;
    %jmp/1 T_4.8, 6;
    %jmp T_4.9;
T_4.6 ;
    %pushi/vec4 4, 0, 3;
    %store/vec4 v0x55b7216e8680_0, 0, 3;
    %load/vec4 v0x55b7216e9240_0;
    %pad/u 32;
    %cmpi/u 30, 0, 32;
    %flag_inv 5; GE is !LT
    %jmp/0xz  T_4.10, 5;
    %pushi/vec4 1, 0, 1;
    %store/vec4 v0x55b7216e8940_0, 0, 1;
T_4.10 ;
    %jmp T_4.9;
T_4.7 ;
    %pushi/vec4 1, 0, 3;
    %store/vec4 v0x55b7216e8680_0, 0, 3;
    %jmp T_4.9;
T_4.8 ;
    %pushi/vec4 2, 0, 3;
    %store/vec4 v0x55b7216e8680_0, 0, 3;
    %jmp T_4.9;
T_4.9 ;
    %pop/vec4 1;
    %jmp T_4;
    .thread T_4, $push;
    .scope S_0x55b7216cc1b0;
T_5 ;
    %wait E_0x55b7216bf240;
    %load/vec4 v0x55b7216e8b80_0;
    %flag_set/vec4 8;
    %jmp/1 T_5.2, 8;
    %load/vec4 v0x55b7216e8ac0_0;
    %flag_set/vec4 9;
    %flag_or 8, 9;
T_5.2;
    %jmp/0xz  T_5.0, 8;
    %pushi/vec4 0, 0, 1;
    %store/vec4 v0x55b7216ad550_0, 0, 1;
    %pushi/vec4 0, 0, 1;
    %store/vec4 v0x55b7216e8770_0, 0, 1;
    %jmp T_5.1;
T_5.0 ;
    %load/vec4 v0x55b7216e8fa0_0;
    %cmpi/e 0, 0, 2;
    %jmp/1 T_5.5, 4;
    %flag_mov 8, 4;
    %load/vec4 v0x55b7216e8fa0_0;
    %cmpi/e 2, 0, 2;
    %flag_or 4, 8;
T_5.5;
    %flag_mov 8, 4;
    %jmp/0 T_5.3, 8;
    %pushi/vec4 1, 0, 2;
    %jmp/1 T_5.4, 8;
T_5.3 ; End of true expr.
    %pushi/vec4 0, 0, 2;
    %jmp/0 T_5.4, 8;
 ; End of false expr.
    %blend;
T_5.4;
    %pad/s 1;
    %store/vec4 v0x55b7216ad550_0, 0, 1;
    %load/vec4 v0x55b7216e9080_0;
    %cmpi/e 0, 0, 2;
    %jmp/1 T_5.8, 4;
    %flag_mov 8, 4;
    %load/vec4 v0x55b7216e9080_0;
    %cmpi/e 2, 0, 2;
    %flag_or 4, 8;
T_5.8;
    %flag_mov 8, 4;
    %jmp/0 T_5.6, 8;
    %pushi/vec4 1, 0, 2;
    %jmp/1 T_5.7, 8;
T_5.6 ; End of true expr.
    %pushi/vec4 0, 0, 2;
    %jmp/0 T_5.7, 8;
 ; End of false expr.
    %blend;
T_5.7;
    %pad/s 1;
    %store/vec4 v0x55b7216e8770_0, 0, 1;
T_5.1 ;
    %jmp T_5;
    .thread T_5, $push;
    .scope S_0x55b7216cc020;
T_6 ;
    %pushi/vec4 0, 0, 1;
    %store/vec4 v0x55b7216e99b0_0, 0, 1;
    %end;
    .thread T_6;
    .scope S_0x55b7216cc020;
T_7 ;
    %delay 500, 0;
    %load/vec4 v0x55b7216e99b0_0;
    %inv;
    %store/vec4 v0x55b7216e99b0_0, 0, 1;
    %jmp T_7;
    .thread T_7;
    .scope S_0x55b7216cc020;
T_8 ;
    %vpi_call 2 25 "$dumpfile", "wave.vcd" {0 0 0};
    %vpi_call 2 26 "$dumpvars", 32'sb00000000000000000000000000000000, S_0x55b7216cc020 {0 0 0};
    %pushi/vec4 1, 0, 1;
    %store/vec4 v0x55b7216e9c20_0, 0, 1;
    %pushi/vec4 0, 0, 1;
    %store/vec4 v0x55b7216e9b50_0, 0, 1;
    %pushi/vec4 0, 0, 1;
    %store/vec4 v0x55b7216e9a80_0, 0, 1;
    %delay 2000, 0;
    %pushi/vec4 0, 0, 1;
    %store/vec4 v0x55b7216e9c20_0, 0, 1;
    %delay 150000, 0;
    %pushi/vec4 1, 0, 1;
    %store/vec4 v0x55b7216e9a80_0, 0, 1;
    %delay 30000, 0;
    %pushi/vec4 0, 0, 1;
    %store/vec4 v0x55b7216e9a80_0, 0, 1;
    %pushi/vec4 1, 0, 1;
    %store/vec4 v0x55b7216e9b50_0, 0, 1;
    %delay 20000, 0;
    %pushi/vec4 0, 0, 1;
    %store/vec4 v0x55b7216e9b50_0, 0, 1;
    %delay 1000000, 0;
    %vpi_call 2 42 "$finish" {0 0 0};
    %end;
    .thread T_8;
# The file index is used to find the file name in the following table.
:file_names 4;
    "N/A";
    "<interactive>";
    "testbench.v";
    "design.v";
