#! /c/Source/iverilog-install/bin/vvp
:ivl_version "12.0 (devel)" "(s20150603-1539-g2693dd32b)";
:ivl_delay_selection "TYPICAL";
:vpi_time_precision - 12;
:vpi_module "C:\Users\rajes\iverilog\lib\ivl\system.vpi";
:vpi_module "C:\Users\rajes\iverilog\lib\ivl\vhdl_sys.vpi";
:vpi_module "C:\Users\rajes\iverilog\lib\ivl\vhdl_textio.vpi";
:vpi_module "C:\Users\rajes\iverilog\lib\ivl\v2005_math.vpi";
:vpi_module "C:\Users\rajes\iverilog\lib\ivl\va_math.vpi";
:vpi_module "C:\Users\rajes\iverilog\lib\ivl\v2009.vpi";
S_0000015bddccb830 .scope package, "$unit" "$unit" 2 1;
 .timescale 0 0;
S_0000015bddcce670 .scope module, "tb_fixed_point_operations" "tb_fixed_point_operations" 3 3;
 .timescale -9 -12;
P_0000015bddced600 .param/l "CLK_PERIOD" 1 3 7, +C4<00000000000000000101000101100001>;
v0000015bddd433e0_0 .var/i "add_file", 31 0;
v0000015bddd43ca0_0 .var "clk", 0 0;
v0000015bddd43660_0 .var "header", 1023 0;
v0000015bddd435c0_0 .var/i "i", 31 0;
v0000015bddd438e0_0 .var/i "infile", 31 0;
v0000015bddd43480_0 .var/i "mul_file", 31 0;
v0000015bddd43980_0 .var "operation", 1 0;
v0000015bddd43520_0 .net/s "out_q_512", 16 0, v0000015bddcef2a0_0;  1 drivers
v0000015bddd43d40 .array/s "q314_mem", 479 0, 16 0;
v0000015bddd43a20 .array/s "q512_mem", 479 0, 16 0;
v0000015bddd43b60_0 .var/s "q_314", 16 0;
v0000015bddd43c00_0 .var/s "q_512", 16 0;
v0000015bddd43700_0 .var/i "status", 31 0;
v0000015bddd43e80_0 .var/i "sub_file", 31 0;
S_0000015bddccf500 .scope module, "dut" "fixed_point_operations" 3 21, 4 3 0, S_0000015bddcce670;
 .timescale -9 -12;
    .port_info 0 /INPUT 17 "q_314";
    .port_info 1 /INPUT 17 "q_512";
    .port_info 2 /INPUT 2 "operation";
    .port_info 3 /INPUT 1 "clk";
    .port_info 4 /OUTPUT 17 "out_q_512";
v0000015bddcef700_0 .net *"_ivl_1", 0 0, L_0000015bddd43fc0;  1 drivers
v0000015bddcef660_0 .net *"_ivl_10", 18 0, L_0000015bddd43200;  1 drivers
v0000015bddcef840_0 .net *"_ivl_12", 16 0, L_0000015bddd43160;  1 drivers
v0000015bddcef8e0_0 .net/s *"_ivl_16", 17 0, L_0000015bddd568b0;  1 drivers
v0000015bddcefde0_0 .net/s *"_ivl_18", 17 0, L_0000015bddd564f0;  1 drivers
v0000015bddcefca0_0 .net *"_ivl_2", 1 0, L_0000015bddd43de0;  1 drivers
v0000015bddcef980_0 .net/s *"_ivl_22", 17 0, L_0000015bddd55690;  1 drivers
v0000015bddcefb60_0 .net/s *"_ivl_24", 17 0, L_0000015bddd55190;  1 drivers
v0000015bddcef340_0 .net/s *"_ivl_28", 33 0, L_0000015bddd56db0;  1 drivers
v0000015bddcef520_0 .net/s *"_ivl_30", 33 0, L_0000015bddd55eb0;  1 drivers
L_0000015bdde000d0 .functor BUFT 1, C4<0000000000000000000010000000000000>, C4<0>, C4<0>, C4<0>;
v0000015bddcef5c0_0 .net/2s *"_ivl_34", 33 0, L_0000015bdde000d0;  1 drivers
v0000015bddcefd40_0 .net *"_ivl_38", 33 0, L_0000015bddd55a50;  1 drivers
v0000015bddcefa20_0 .net *"_ivl_40", 19 0, L_0000015bddd56ef0;  1 drivers
L_0000015bdde00088 .functor BUFT 1, C4<0000000000000000010>, C4<0>, C4<0>, C4<0>;
v0000015bddcef7a0_0 .net/2s *"_ivl_6", 18 0, L_0000015bdde00088;  1 drivers
v0000015bddcefac0_0 .net/s *"_ivl_8", 18 0, L_0000015bddd44060;  1 drivers
v0000015bddcefc00_0 .net/s "add_wide", 17 0, L_0000015bddd55b90;  1 drivers
v0000015bddcefe80_0 .net "clk", 0 0, v0000015bddd43ca0_0;  1 drivers
v0000015bddceff20_0 .net/s "mult_full", 33 0, L_0000015bddd57030;  1 drivers
v0000015bddcef020_0 .net/s "mult_q512", 16 0, L_0000015bddd555f0;  1 drivers
v0000015bddcef0c0_0 .net/s "mult_rounded", 33 0, L_0000015bddd557d0;  1 drivers
v0000015bddcef160_0 .var "op_r", 1 0;
v0000015bddcef3e0_0 .net "operation", 1 0, v0000015bddd43980_0;  1 drivers
v0000015bddcef2a0_0 .var/s "out_q_512", 16 0;
v0000015bddcef200_0 .net/s "q314_ext", 18 0, L_0000015bddd43f20;  1 drivers
v0000015bddcef480_0 .var/s "q314_r", 16 0;
v0000015bddd43340_0 .net/s "q314_to_q512", 16 0, L_0000015bddd554b0;  1 drivers
v0000015bddd43ac0_0 .var/s "q512_r", 16 0;
v0000015bddd43840_0 .net/s "q_314", 16 0, v0000015bddd43b60_0;  1 drivers
v0000015bddd432a0_0 .net/s "q_512", 16 0, v0000015bddd43c00_0;  1 drivers
v0000015bddd437a0_0 .net/s "sub_wide", 17 0, L_0000015bddd55730;  1 drivers
E_0000015bddcedb80 .event posedge, v0000015bddcefe80_0;
L_0000015bddd43fc0 .part v0000015bddcef480_0, 16, 1;
L_0000015bddd43de0 .concat [ 1 1 0 0], L_0000015bddd43fc0, L_0000015bddd43fc0;
L_0000015bddd43f20 .concat [ 17 2 0 0], v0000015bddcef480_0, L_0000015bddd43de0;
L_0000015bddd44060 .arith/sum 19, L_0000015bddd43f20, L_0000015bdde00088;
L_0000015bddd43160 .part L_0000015bddd44060, 2, 17;
L_0000015bddd43200 .extend/s 19, L_0000015bddd43160;
L_0000015bddd554b0 .part L_0000015bddd43200, 0, 17;
L_0000015bddd568b0 .extend/s 18, v0000015bddd43ac0_0;
L_0000015bddd564f0 .extend/s 18, L_0000015bddd554b0;
L_0000015bddd55b90 .arith/sum 18, L_0000015bddd568b0, L_0000015bddd564f0;
L_0000015bddd55690 .extend/s 18, v0000015bddd43ac0_0;
L_0000015bddd55190 .extend/s 18, L_0000015bddd554b0;
L_0000015bddd55730 .arith/sub 18, L_0000015bddd55690, L_0000015bddd55190;
L_0000015bddd56db0 .extend/s 34, v0000015bddcef480_0;
L_0000015bddd55eb0 .extend/s 34, v0000015bddd43ac0_0;
L_0000015bddd57030 .arith/mult 34, L_0000015bddd56db0, L_0000015bddd55eb0;
L_0000015bddd557d0 .arith/sum 34, L_0000015bddd57030, L_0000015bdde000d0;
L_0000015bddd56ef0 .part L_0000015bddd557d0, 14, 20;
L_0000015bddd55a50 .extend/s 34, L_0000015bddd56ef0;
L_0000015bddd555f0 .part L_0000015bddd55a50, 0, 17;
    .scope S_0000015bddccf500;
T_0 ;
    %wait E_0000015bddcedb80;
    %load/vec4 v0000015bddd43840_0;
    %assign/vec4 v0000015bddcef480_0, 0;
    %load/vec4 v0000015bddd432a0_0;
    %assign/vec4 v0000015bddd43ac0_0, 0;
    %load/vec4 v0000015bddcef3e0_0;
    %assign/vec4 v0000015bddcef160_0, 0;
    %jmp T_0;
    .thread T_0;
    .scope S_0000015bddccf500;
T_1 ;
    %wait E_0000015bddcedb80;
    %load/vec4 v0000015bddcef160_0;
    %dup/vec4;
    %pushi/vec4 0, 0, 2;
    %cmp/u;
    %jmp/1 T_1.0, 6;
    %dup/vec4;
    %pushi/vec4 1, 0, 2;
    %cmp/u;
    %jmp/1 T_1.1, 6;
    %dup/vec4;
    %pushi/vec4 2, 0, 2;
    %cmp/u;
    %jmp/1 T_1.2, 6;
    %pushi/vec4 0, 0, 17;
    %assign/vec4 v0000015bddcef2a0_0, 0;
    %jmp T_1.4;
T_1.0 ;
    %load/vec4 v0000015bddcefc00_0;
    %parti/s 17, 0, 2;
    %assign/vec4 v0000015bddcef2a0_0, 0;
    %jmp T_1.4;
T_1.1 ;
    %load/vec4 v0000015bddd437a0_0;
    %parti/s 17, 1, 2;
    %assign/vec4 v0000015bddcef2a0_0, 0;
    %jmp T_1.4;
T_1.2 ;
    %load/vec4 v0000015bddcef020_0;
    %assign/vec4 v0000015bddcef2a0_0, 0;
    %jmp T_1.4;
T_1.4 ;
    %pop/vec4 1;
    %jmp T_1;
    .thread T_1;
    .scope S_0000015bddcce670;
T_2 ;
    %pushi/vec4 0, 0, 1;
    %store/vec4 v0000015bddd43ca0_0, 0, 1;
T_2.0 ;
    %delay 10416000, 0;
    %load/vec4 v0000015bddd43ca0_0;
    %inv;
    %store/vec4 v0000015bddd43ca0_0, 0, 1;
    %jmp T_2.0;
    %end;
    .thread T_2;
    .scope S_0000015bddcce670;
T_3 ;
    %vpi_call/w 3 40 "$dumpfile", "tb_fixed_point_operations.vcd" {0 0 0};
    %vpi_call/w 3 41 "$dumpvars", 32'sb00000000000000000000000000000000, S_0000015bddcce670 {0 0 0};
    %end;
    .thread T_3;
    .scope S_0000015bddcce670;
T_4 ;
    %vpi_func 3 46 "$fopen" 32, "sine_q314_q512_binary.csv", "r" {0 0 0};
    %store/vec4 v0000015bddd438e0_0, 0, 32;
    %load/vec4 v0000015bddd438e0_0;
    %cmpi/e 0, 0, 32;
    %jmp/0xz  T_4.0, 4;
    %vpi_call/w 3 48 "$display", "ERROR: Cannot open input CSV" {0 0 0};
    %vpi_call/w 3 49 "$finish" {0 0 0};
T_4.0 ;
    %vpi_call/w 3 53 "$fgets", v0000015bddd43660_0, v0000015bddd438e0_0 {0 0 0};
    %pushi/vec4 0, 0, 32;
    %store/vec4 v0000015bddd435c0_0, 0, 32;
T_4.2 ;
    %load/vec4 v0000015bddd435c0_0;
    %cmpi/s 480, 0, 32;
    %jmp/0xz T_4.3, 5;
    %vpi_func 3 57 "$fscanf" 32, v0000015bddd438e0_0, "%*d,%b,%*d,%b\012", &A<v0000015bddd43d40, v0000015bddd435c0_0 >, &A<v0000015bddd43a20, v0000015bddd435c0_0 > {0 0 0};
    %store/vec4 v0000015bddd43700_0, 0, 32;
    %load/vec4 v0000015bddd43700_0;
    %cmpi/ne 2, 0, 32;
    %jmp/0xz  T_4.4, 4;
    %vpi_call/w 3 65 "$display", "ERROR: CSV read failed at sample %0d", v0000015bddd435c0_0 {0 0 0};
    %vpi_call/w 3 66 "$finish" {0 0 0};
T_4.4 ;
    %load/vec4 v0000015bddd435c0_0;
    %addi 1, 0, 32;
    %store/vec4 v0000015bddd435c0_0, 0, 32;
    %jmp T_4.2;
T_4.3 ;
    %vpi_call/w 3 69 "$fclose", v0000015bddd438e0_0 {0 0 0};
    %vpi_func 3 72 "$fopen" 32, "results_add.csv", "w" {0 0 0};
    %store/vec4 v0000015bddd433e0_0, 0, 32;
    %vpi_func 3 73 "$fopen" 32, "results_sub.csv", "w" {0 0 0};
    %store/vec4 v0000015bddd43e80_0, 0, 32;
    %vpi_func 3 74 "$fopen" 32, "results_mul.csv", "w" {0 0 0};
    %store/vec4 v0000015bddd43480_0, 0, 32;
    %load/vec4 v0000015bddd433e0_0;
    %cmpi/e 0, 0, 32;
    %jmp/1 T_4.9, 4;
    %flag_mov 8, 4;
    %load/vec4 v0000015bddd43e80_0;
    %cmpi/e 0, 0, 32;
    %flag_or 4, 8;
T_4.9;
    %jmp/1 T_4.8, 4;
    %flag_mov 8, 4;
    %load/vec4 v0000015bddd43480_0;
    %cmpi/e 0, 0, 32;
    %flag_or 4, 8;
T_4.8;
    %jmp/0xz  T_4.6, 4;
    %vpi_call/w 3 77 "$display", "ERROR: Cannot open output CSVs" {0 0 0};
    %vpi_call/w 3 78 "$finish" {0 0 0};
T_4.6 ;
    %vpi_call/w 3 81 "$fwrite", v0000015bddd433e0_0, "q314,q512,add_out\012" {0 0 0};
    %vpi_call/w 3 82 "$fwrite", v0000015bddd43e80_0, "q314,q512,sub_out\012" {0 0 0};
    %vpi_call/w 3 83 "$fwrite", v0000015bddd43480_0, "q314,q512,mul_out\012" {0 0 0};
    %pushi/vec4 0, 0, 17;
    %store/vec4 v0000015bddd43b60_0, 0, 17;
    %pushi/vec4 0, 0, 17;
    %store/vec4 v0000015bddd43c00_0, 0, 17;
    %pushi/vec4 0, 0, 2;
    %store/vec4 v0000015bddd43980_0, 0, 2;
    %wait E_0000015bddcedb80;
    %pushi/vec4 0, 0, 2;
    %store/vec4 v0000015bddd43980_0, 0, 2;
    %ix/load 4, 0, 0;
    %flag_set/imm 4, 0;
    %load/vec4a v0000015bddd43d40, 4;
    %store/vec4 v0000015bddd43b60_0, 0, 17;
    %ix/load 4, 0, 0;
    %flag_set/imm 4, 0;
    %load/vec4a v0000015bddd43a20, 4;
    %store/vec4 v0000015bddd43c00_0, 0, 17;
    %wait E_0000015bddcedb80;
    %pushi/vec4 1, 0, 32;
    %store/vec4 v0000015bddd435c0_0, 0, 32;
T_4.10 ;
    %load/vec4 v0000015bddd435c0_0;
    %cmpi/s 480, 0, 32;
    %jmp/0xz T_4.11, 5;
    %ix/getv/s 4, v0000015bddd435c0_0;
    %load/vec4a v0000015bddd43d40, 4;
    %store/vec4 v0000015bddd43b60_0, 0, 17;
    %ix/getv/s 4, v0000015bddd435c0_0;
    %load/vec4a v0000015bddd43a20, 4;
    %store/vec4 v0000015bddd43c00_0, 0, 17;
    %wait E_0000015bddcedb80;
    %load/vec4 v0000015bddd435c0_0;
    %subi 1, 0, 32;
    %ix/vec4/s 4;
    %load/vec4a v0000015bddd43d40, 4;
    %load/vec4 v0000015bddd435c0_0;
    %subi 1, 0, 32;
    %ix/vec4/s 4;
    %load/vec4a v0000015bddd43a20, 4;
    %vpi_call/w 3 104 "$fwrite", v0000015bddd433e0_0, "%0d,%0d,%0d\012", S<1,vec4,s17>, S<0,vec4,s17>, v0000015bddd43520_0 {2 0 0};
    %load/vec4 v0000015bddd435c0_0;
    %addi 1, 0, 32;
    %store/vec4 v0000015bddd435c0_0, 0, 32;
    %jmp T_4.10;
T_4.11 ;
    %pushi/vec4 1, 0, 2;
    %store/vec4 v0000015bddd43980_0, 0, 2;
    %ix/load 4, 0, 0;
    %flag_set/imm 4, 0;
    %load/vec4a v0000015bddd43d40, 4;
    %store/vec4 v0000015bddd43b60_0, 0, 17;
    %ix/load 4, 0, 0;
    %flag_set/imm 4, 0;
    %load/vec4a v0000015bddd43a20, 4;
    %store/vec4 v0000015bddd43c00_0, 0, 17;
    %wait E_0000015bddcedb80;
    %pushi/vec4 1, 0, 32;
    %store/vec4 v0000015bddd435c0_0, 0, 32;
T_4.12 ;
    %load/vec4 v0000015bddd435c0_0;
    %cmpi/s 480, 0, 32;
    %jmp/0xz T_4.13, 5;
    %ix/getv/s 4, v0000015bddd435c0_0;
    %load/vec4a v0000015bddd43d40, 4;
    %store/vec4 v0000015bddd43b60_0, 0, 17;
    %ix/getv/s 4, v0000015bddd435c0_0;
    %load/vec4a v0000015bddd43a20, 4;
    %store/vec4 v0000015bddd43c00_0, 0, 17;
    %wait E_0000015bddcedb80;
    %load/vec4 v0000015bddd435c0_0;
    %subi 1, 0, 32;
    %ix/vec4/s 4;
    %load/vec4a v0000015bddd43d40, 4;
    %load/vec4 v0000015bddd435c0_0;
    %subi 1, 0, 32;
    %ix/vec4/s 4;
    %load/vec4a v0000015bddd43a20, 4;
    %vpi_call/w 3 122 "$fwrite", v0000015bddd43e80_0, "%0d,%0d,%0d\012", S<1,vec4,s17>, S<0,vec4,s17>, v0000015bddd43520_0 {2 0 0};
    %load/vec4 v0000015bddd435c0_0;
    %addi 1, 0, 32;
    %store/vec4 v0000015bddd435c0_0, 0, 32;
    %jmp T_4.12;
T_4.13 ;
    %pushi/vec4 2, 0, 2;
    %store/vec4 v0000015bddd43980_0, 0, 2;
    %ix/load 4, 0, 0;
    %flag_set/imm 4, 0;
    %load/vec4a v0000015bddd43d40, 4;
    %store/vec4 v0000015bddd43b60_0, 0, 17;
    %ix/load 4, 0, 0;
    %flag_set/imm 4, 0;
    %load/vec4a v0000015bddd43a20, 4;
    %store/vec4 v0000015bddd43c00_0, 0, 17;
    %wait E_0000015bddcedb80;
    %pushi/vec4 1, 0, 32;
    %store/vec4 v0000015bddd435c0_0, 0, 32;
T_4.14 ;
    %load/vec4 v0000015bddd435c0_0;
    %cmpi/s 480, 0, 32;
    %jmp/0xz T_4.15, 5;
    %ix/getv/s 4, v0000015bddd435c0_0;
    %load/vec4a v0000015bddd43d40, 4;
    %store/vec4 v0000015bddd43b60_0, 0, 17;
    %ix/getv/s 4, v0000015bddd435c0_0;
    %load/vec4a v0000015bddd43a20, 4;
    %store/vec4 v0000015bddd43c00_0, 0, 17;
    %wait E_0000015bddcedb80;
    %load/vec4 v0000015bddd435c0_0;
    %subi 1, 0, 32;
    %ix/vec4/s 4;
    %load/vec4a v0000015bddd43d40, 4;
    %load/vec4 v0000015bddd435c0_0;
    %subi 1, 0, 32;
    %ix/vec4/s 4;
    %load/vec4a v0000015bddd43a20, 4;
    %vpi_call/w 3 140 "$fwrite", v0000015bddd43480_0, "%0d,%0d,%0d\012", S<1,vec4,s17>, S<0,vec4,s17>, v0000015bddd43520_0 {2 0 0};
    %load/vec4 v0000015bddd435c0_0;
    %addi 1, 0, 32;
    %store/vec4 v0000015bddd435c0_0, 0, 32;
    %jmp T_4.14;
T_4.15 ;
    %vpi_call/w 3 147 "$fclose", v0000015bddd433e0_0 {0 0 0};
    %vpi_call/w 3 148 "$fclose", v0000015bddd43e80_0 {0 0 0};
    %vpi_call/w 3 149 "$fclose", v0000015bddd43480_0 {0 0 0};
    %vpi_call/w 3 151 "$display", "Simulation completed successfully" {0 0 0};
    %vpi_call/w 3 152 "$finish" {0 0 0};
    %end;
    .thread T_4;
# The file index is used to find the file name in the following table.
:file_names 5;
    "N/A";
    "<interactive>";
    "-";
    "tb_fixed_point_operations.v";
    "fixed_point_operations.v";
