#! /c/Source/iverilog-install/bin/vvp
:ivl_version "12.0 (devel)" "(s20150603-1539-g2693dd32b)";
:ivl_delay_selection "TYPICAL";
:vpi_time_precision - 12;
:vpi_module "C:\Users\rajes\iverilog\lib\ivl\system.vpi";
:vpi_module "C:\Users\rajes\iverilog\lib\ivl\vhdl_sys.vpi";
:vpi_module "C:\Users\rajes\iverilog\lib\ivl\vhdl_textio.vpi";
:vpi_module "C:\Users\rajes\iverilog\lib\ivl\v2005_math.vpi";
:vpi_module "C:\Users\rajes\iverilog\lib\ivl\va_math.vpi";
:vpi_module "C:\Users\rajes\iverilog\lib\ivl\v2009.vpi";
S_000001e17912a280 .scope package, "$unit" "$unit" 2 1;
 .timescale 0 0;
S_000001e17912a410 .scope module, "tb_lpf_direct" "tb_lpf_direct" 3 3;
 .timescale -9 -12;
P_000001e1790c6e00 .param/l "DATA_LEN" 0 3 6, +C4<00000000000000000000001111101000>;
P_000001e1790c6e38 .param/l "TAPS" 0 3 5, +C4<00000000000000000000000001100101>;
v000001e179198800_0 .var "clk", 0 0;
v000001e1791988a0_0 .var/i "i", 31 0;
v000001e179198940_0 .var/i "infile", 31 0;
v000001e179198a80_0 .var/i "outfile1", 31 0;
v000001e179198080_0 .var/i "outfile2", 31 0;
v000001e179198260_0 .var/i "outfile3", 31 0;
v000001e179198b20_0 .var/i "r", 31 0;
v000001e179198120_0 .var "rst", 0 0;
v000001e179198c60_0 .var/s "temp1", 16 0;
v000001e179198bc0_0 .var/s "temp2", 16 0;
v000001e1791983a0_0 .var/s "temp3", 16 0;
v000001e179198440_0 .var/s "x_in1", 16 0;
v000001e1791984e0_0 .var/s "x_in2", 16 0;
v000001e17919b430_0 .var/s "x_in3", 16 0;
v000001e17919acb0_0 .net/s "y_out1", 40 0, v000001e1790c67e0_0;  1 drivers
v000001e17919a350_0 .net/s "y_out2", 40 0, v000001e1791981c0_0;  1 drivers
v000001e17919b1b0_0 .net/s "y_out3", 40 0, v000001e179198760_0;  1 drivers
S_000001e1791302c0 .scope module, "dut1" "lpf_direct" 3 15, 4 2 0, S_000001e17912a410;
 .timescale -9 -12;
    .port_info 0 /INPUT 1 "clk";
    .port_info 1 /INPUT 1 "rst";
    .port_info 2 /INPUT 17 "x_in";
    .port_info 3 /OUTPUT 41 "y_out";
P_000001e1791391e0 .param/l "TAPS" 0 4 3, +C4<00000000000000000000000001100101>;
v000001e17913ced0_0 .var/s "acc", 40 0;
v000001e179114430_0 .net "clk", 0 0, v000001e179198800_0;  1 drivers
v000001e17910d2a0 .array/s "coff", 100 0, 16 0;
v000001e1790c69c0_0 .var/i "i", 31 0;
v000001e1790c6be0 .array/s "mem_x_in", 100 0, 16 0;
v000001e179114600_0 .net "rst", 0 0, v000001e179198120_0;  1 drivers
v000001e1790c6740_0 .net/s "x_in", 16 0, v000001e179198440_0;  1 drivers
v000001e1790c67e0_0 .var/s "y_out", 40 0;
E_000001e179139220 .event posedge, v000001e179114430_0;
v000001e1790c6be0_0 .array/port v000001e1790c6be0, 0;
v000001e1790c6be0_1 .array/port v000001e1790c6be0, 1;
v000001e1790c6be0_2 .array/port v000001e1790c6be0, 2;
E_000001e1791390e0/0 .event anyedge, v000001e17913ced0_0, v000001e1790c6be0_0, v000001e1790c6be0_1, v000001e1790c6be0_2;
v000001e1790c6be0_3 .array/port v000001e1790c6be0, 3;
v000001e1790c6be0_4 .array/port v000001e1790c6be0, 4;
v000001e1790c6be0_5 .array/port v000001e1790c6be0, 5;
v000001e1790c6be0_6 .array/port v000001e1790c6be0, 6;
E_000001e1791390e0/1 .event anyedge, v000001e1790c6be0_3, v000001e1790c6be0_4, v000001e1790c6be0_5, v000001e1790c6be0_6;
v000001e1790c6be0_7 .array/port v000001e1790c6be0, 7;
v000001e1790c6be0_8 .array/port v000001e1790c6be0, 8;
v000001e1790c6be0_9 .array/port v000001e1790c6be0, 9;
v000001e1790c6be0_10 .array/port v000001e1790c6be0, 10;
E_000001e1791390e0/2 .event anyedge, v000001e1790c6be0_7, v000001e1790c6be0_8, v000001e1790c6be0_9, v000001e1790c6be0_10;
v000001e1790c6be0_11 .array/port v000001e1790c6be0, 11;
v000001e1790c6be0_12 .array/port v000001e1790c6be0, 12;
v000001e1790c6be0_13 .array/port v000001e1790c6be0, 13;
v000001e1790c6be0_14 .array/port v000001e1790c6be0, 14;
E_000001e1791390e0/3 .event anyedge, v000001e1790c6be0_11, v000001e1790c6be0_12, v000001e1790c6be0_13, v000001e1790c6be0_14;
v000001e1790c6be0_15 .array/port v000001e1790c6be0, 15;
v000001e1790c6be0_16 .array/port v000001e1790c6be0, 16;
v000001e1790c6be0_17 .array/port v000001e1790c6be0, 17;
v000001e1790c6be0_18 .array/port v000001e1790c6be0, 18;
E_000001e1791390e0/4 .event anyedge, v000001e1790c6be0_15, v000001e1790c6be0_16, v000001e1790c6be0_17, v000001e1790c6be0_18;
v000001e1790c6be0_19 .array/port v000001e1790c6be0, 19;
v000001e1790c6be0_20 .array/port v000001e1790c6be0, 20;
v000001e1790c6be0_21 .array/port v000001e1790c6be0, 21;
v000001e1790c6be0_22 .array/port v000001e1790c6be0, 22;
E_000001e1791390e0/5 .event anyedge, v000001e1790c6be0_19, v000001e1790c6be0_20, v000001e1790c6be0_21, v000001e1790c6be0_22;
v000001e1790c6be0_23 .array/port v000001e1790c6be0, 23;
v000001e1790c6be0_24 .array/port v000001e1790c6be0, 24;
v000001e1790c6be0_25 .array/port v000001e1790c6be0, 25;
v000001e1790c6be0_26 .array/port v000001e1790c6be0, 26;
E_000001e1791390e0/6 .event anyedge, v000001e1790c6be0_23, v000001e1790c6be0_24, v000001e1790c6be0_25, v000001e1790c6be0_26;
v000001e1790c6be0_27 .array/port v000001e1790c6be0, 27;
v000001e1790c6be0_28 .array/port v000001e1790c6be0, 28;
v000001e1790c6be0_29 .array/port v000001e1790c6be0, 29;
v000001e1790c6be0_30 .array/port v000001e1790c6be0, 30;
E_000001e1791390e0/7 .event anyedge, v000001e1790c6be0_27, v000001e1790c6be0_28, v000001e1790c6be0_29, v000001e1790c6be0_30;
v000001e1790c6be0_31 .array/port v000001e1790c6be0, 31;
v000001e1790c6be0_32 .array/port v000001e1790c6be0, 32;
v000001e1790c6be0_33 .array/port v000001e1790c6be0, 33;
v000001e1790c6be0_34 .array/port v000001e1790c6be0, 34;
E_000001e1791390e0/8 .event anyedge, v000001e1790c6be0_31, v000001e1790c6be0_32, v000001e1790c6be0_33, v000001e1790c6be0_34;
v000001e1790c6be0_35 .array/port v000001e1790c6be0, 35;
v000001e1790c6be0_36 .array/port v000001e1790c6be0, 36;
v000001e1790c6be0_37 .array/port v000001e1790c6be0, 37;
v000001e1790c6be0_38 .array/port v000001e1790c6be0, 38;
E_000001e1791390e0/9 .event anyedge, v000001e1790c6be0_35, v000001e1790c6be0_36, v000001e1790c6be0_37, v000001e1790c6be0_38;
v000001e1790c6be0_39 .array/port v000001e1790c6be0, 39;
v000001e1790c6be0_40 .array/port v000001e1790c6be0, 40;
v000001e1790c6be0_41 .array/port v000001e1790c6be0, 41;
v000001e1790c6be0_42 .array/port v000001e1790c6be0, 42;
E_000001e1791390e0/10 .event anyedge, v000001e1790c6be0_39, v000001e1790c6be0_40, v000001e1790c6be0_41, v000001e1790c6be0_42;
v000001e1790c6be0_43 .array/port v000001e1790c6be0, 43;
v000001e1790c6be0_44 .array/port v000001e1790c6be0, 44;
v000001e1790c6be0_45 .array/port v000001e1790c6be0, 45;
v000001e1790c6be0_46 .array/port v000001e1790c6be0, 46;
E_000001e1791390e0/11 .event anyedge, v000001e1790c6be0_43, v000001e1790c6be0_44, v000001e1790c6be0_45, v000001e1790c6be0_46;
v000001e1790c6be0_47 .array/port v000001e1790c6be0, 47;
v000001e1790c6be0_48 .array/port v000001e1790c6be0, 48;
v000001e1790c6be0_49 .array/port v000001e1790c6be0, 49;
v000001e1790c6be0_50 .array/port v000001e1790c6be0, 50;
E_000001e1791390e0/12 .event anyedge, v000001e1790c6be0_47, v000001e1790c6be0_48, v000001e1790c6be0_49, v000001e1790c6be0_50;
v000001e1790c6be0_51 .array/port v000001e1790c6be0, 51;
v000001e1790c6be0_52 .array/port v000001e1790c6be0, 52;
v000001e1790c6be0_53 .array/port v000001e1790c6be0, 53;
v000001e1790c6be0_54 .array/port v000001e1790c6be0, 54;
E_000001e1791390e0/13 .event anyedge, v000001e1790c6be0_51, v000001e1790c6be0_52, v000001e1790c6be0_53, v000001e1790c6be0_54;
v000001e1790c6be0_55 .array/port v000001e1790c6be0, 55;
v000001e1790c6be0_56 .array/port v000001e1790c6be0, 56;
v000001e1790c6be0_57 .array/port v000001e1790c6be0, 57;
v000001e1790c6be0_58 .array/port v000001e1790c6be0, 58;
E_000001e1791390e0/14 .event anyedge, v000001e1790c6be0_55, v000001e1790c6be0_56, v000001e1790c6be0_57, v000001e1790c6be0_58;
v000001e1790c6be0_59 .array/port v000001e1790c6be0, 59;
v000001e1790c6be0_60 .array/port v000001e1790c6be0, 60;
v000001e1790c6be0_61 .array/port v000001e1790c6be0, 61;
v000001e1790c6be0_62 .array/port v000001e1790c6be0, 62;
E_000001e1791390e0/15 .event anyedge, v000001e1790c6be0_59, v000001e1790c6be0_60, v000001e1790c6be0_61, v000001e1790c6be0_62;
v000001e1790c6be0_63 .array/port v000001e1790c6be0, 63;
v000001e1790c6be0_64 .array/port v000001e1790c6be0, 64;
v000001e1790c6be0_65 .array/port v000001e1790c6be0, 65;
v000001e1790c6be0_66 .array/port v000001e1790c6be0, 66;
E_000001e1791390e0/16 .event anyedge, v000001e1790c6be0_63, v000001e1790c6be0_64, v000001e1790c6be0_65, v000001e1790c6be0_66;
v000001e1790c6be0_67 .array/port v000001e1790c6be0, 67;
v000001e1790c6be0_68 .array/port v000001e1790c6be0, 68;
v000001e1790c6be0_69 .array/port v000001e1790c6be0, 69;
v000001e1790c6be0_70 .array/port v000001e1790c6be0, 70;
E_000001e1791390e0/17 .event anyedge, v000001e1790c6be0_67, v000001e1790c6be0_68, v000001e1790c6be0_69, v000001e1790c6be0_70;
v000001e1790c6be0_71 .array/port v000001e1790c6be0, 71;
v000001e1790c6be0_72 .array/port v000001e1790c6be0, 72;
v000001e1790c6be0_73 .array/port v000001e1790c6be0, 73;
v000001e1790c6be0_74 .array/port v000001e1790c6be0, 74;
E_000001e1791390e0/18 .event anyedge, v000001e1790c6be0_71, v000001e1790c6be0_72, v000001e1790c6be0_73, v000001e1790c6be0_74;
v000001e1790c6be0_75 .array/port v000001e1790c6be0, 75;
v000001e1790c6be0_76 .array/port v000001e1790c6be0, 76;
v000001e1790c6be0_77 .array/port v000001e1790c6be0, 77;
v000001e1790c6be0_78 .array/port v000001e1790c6be0, 78;
E_000001e1791390e0/19 .event anyedge, v000001e1790c6be0_75, v000001e1790c6be0_76, v000001e1790c6be0_77, v000001e1790c6be0_78;
v000001e1790c6be0_79 .array/port v000001e1790c6be0, 79;
v000001e1790c6be0_80 .array/port v000001e1790c6be0, 80;
v000001e1790c6be0_81 .array/port v000001e1790c6be0, 81;
v000001e1790c6be0_82 .array/port v000001e1790c6be0, 82;
E_000001e1791390e0/20 .event anyedge, v000001e1790c6be0_79, v000001e1790c6be0_80, v000001e1790c6be0_81, v000001e1790c6be0_82;
v000001e1790c6be0_83 .array/port v000001e1790c6be0, 83;
v000001e1790c6be0_84 .array/port v000001e1790c6be0, 84;
v000001e1790c6be0_85 .array/port v000001e1790c6be0, 85;
v000001e1790c6be0_86 .array/port v000001e1790c6be0, 86;
E_000001e1791390e0/21 .event anyedge, v000001e1790c6be0_83, v000001e1790c6be0_84, v000001e1790c6be0_85, v000001e1790c6be0_86;
v000001e1790c6be0_87 .array/port v000001e1790c6be0, 87;
v000001e1790c6be0_88 .array/port v000001e1790c6be0, 88;
v000001e1790c6be0_89 .array/port v000001e1790c6be0, 89;
v000001e1790c6be0_90 .array/port v000001e1790c6be0, 90;
E_000001e1791390e0/22 .event anyedge, v000001e1790c6be0_87, v000001e1790c6be0_88, v000001e1790c6be0_89, v000001e1790c6be0_90;
v000001e1790c6be0_91 .array/port v000001e1790c6be0, 91;
v000001e1790c6be0_92 .array/port v000001e1790c6be0, 92;
v000001e1790c6be0_93 .array/port v000001e1790c6be0, 93;
v000001e1790c6be0_94 .array/port v000001e1790c6be0, 94;
E_000001e1791390e0/23 .event anyedge, v000001e1790c6be0_91, v000001e1790c6be0_92, v000001e1790c6be0_93, v000001e1790c6be0_94;
v000001e1790c6be0_95 .array/port v000001e1790c6be0, 95;
v000001e1790c6be0_96 .array/port v000001e1790c6be0, 96;
v000001e1790c6be0_97 .array/port v000001e1790c6be0, 97;
v000001e1790c6be0_98 .array/port v000001e1790c6be0, 98;
E_000001e1791390e0/24 .event anyedge, v000001e1790c6be0_95, v000001e1790c6be0_96, v000001e1790c6be0_97, v000001e1790c6be0_98;
v000001e1790c6be0_99 .array/port v000001e1790c6be0, 99;
v000001e1790c6be0_100 .array/port v000001e1790c6be0, 100;
v000001e17910d2a0_0 .array/port v000001e17910d2a0, 0;
v000001e17910d2a0_1 .array/port v000001e17910d2a0, 1;
E_000001e1791390e0/25 .event anyedge, v000001e1790c6be0_99, v000001e1790c6be0_100, v000001e17910d2a0_0, v000001e17910d2a0_1;
v000001e17910d2a0_2 .array/port v000001e17910d2a0, 2;
v000001e17910d2a0_3 .array/port v000001e17910d2a0, 3;
v000001e17910d2a0_4 .array/port v000001e17910d2a0, 4;
v000001e17910d2a0_5 .array/port v000001e17910d2a0, 5;
E_000001e1791390e0/26 .event anyedge, v000001e17910d2a0_2, v000001e17910d2a0_3, v000001e17910d2a0_4, v000001e17910d2a0_5;
v000001e17910d2a0_6 .array/port v000001e17910d2a0, 6;
v000001e17910d2a0_7 .array/port v000001e17910d2a0, 7;
v000001e17910d2a0_8 .array/port v000001e17910d2a0, 8;
v000001e17910d2a0_9 .array/port v000001e17910d2a0, 9;
E_000001e1791390e0/27 .event anyedge, v000001e17910d2a0_6, v000001e17910d2a0_7, v000001e17910d2a0_8, v000001e17910d2a0_9;
v000001e17910d2a0_10 .array/port v000001e17910d2a0, 10;
v000001e17910d2a0_11 .array/port v000001e17910d2a0, 11;
v000001e17910d2a0_12 .array/port v000001e17910d2a0, 12;
v000001e17910d2a0_13 .array/port v000001e17910d2a0, 13;
E_000001e1791390e0/28 .event anyedge, v000001e17910d2a0_10, v000001e17910d2a0_11, v000001e17910d2a0_12, v000001e17910d2a0_13;
v000001e17910d2a0_14 .array/port v000001e17910d2a0, 14;
v000001e17910d2a0_15 .array/port v000001e17910d2a0, 15;
v000001e17910d2a0_16 .array/port v000001e17910d2a0, 16;
v000001e17910d2a0_17 .array/port v000001e17910d2a0, 17;
E_000001e1791390e0/29 .event anyedge, v000001e17910d2a0_14, v000001e17910d2a0_15, v000001e17910d2a0_16, v000001e17910d2a0_17;
v000001e17910d2a0_18 .array/port v000001e17910d2a0, 18;
v000001e17910d2a0_19 .array/port v000001e17910d2a0, 19;
v000001e17910d2a0_20 .array/port v000001e17910d2a0, 20;
v000001e17910d2a0_21 .array/port v000001e17910d2a0, 21;
E_000001e1791390e0/30 .event anyedge, v000001e17910d2a0_18, v000001e17910d2a0_19, v000001e17910d2a0_20, v000001e17910d2a0_21;
v000001e17910d2a0_22 .array/port v000001e17910d2a0, 22;
v000001e17910d2a0_23 .array/port v000001e17910d2a0, 23;
v000001e17910d2a0_24 .array/port v000001e17910d2a0, 24;
v000001e17910d2a0_25 .array/port v000001e17910d2a0, 25;
E_000001e1791390e0/31 .event anyedge, v000001e17910d2a0_22, v000001e17910d2a0_23, v000001e17910d2a0_24, v000001e17910d2a0_25;
v000001e17910d2a0_26 .array/port v000001e17910d2a0, 26;
v000001e17910d2a0_27 .array/port v000001e17910d2a0, 27;
v000001e17910d2a0_28 .array/port v000001e17910d2a0, 28;
v000001e17910d2a0_29 .array/port v000001e17910d2a0, 29;
E_000001e1791390e0/32 .event anyedge, v000001e17910d2a0_26, v000001e17910d2a0_27, v000001e17910d2a0_28, v000001e17910d2a0_29;
v000001e17910d2a0_30 .array/port v000001e17910d2a0, 30;
v000001e17910d2a0_31 .array/port v000001e17910d2a0, 31;
v000001e17910d2a0_32 .array/port v000001e17910d2a0, 32;
v000001e17910d2a0_33 .array/port v000001e17910d2a0, 33;
E_000001e1791390e0/33 .event anyedge, v000001e17910d2a0_30, v000001e17910d2a0_31, v000001e17910d2a0_32, v000001e17910d2a0_33;
v000001e17910d2a0_34 .array/port v000001e17910d2a0, 34;
v000001e17910d2a0_35 .array/port v000001e17910d2a0, 35;
v000001e17910d2a0_36 .array/port v000001e17910d2a0, 36;
v000001e17910d2a0_37 .array/port v000001e17910d2a0, 37;
E_000001e1791390e0/34 .event anyedge, v000001e17910d2a0_34, v000001e17910d2a0_35, v000001e17910d2a0_36, v000001e17910d2a0_37;
v000001e17910d2a0_38 .array/port v000001e17910d2a0, 38;
v000001e17910d2a0_39 .array/port v000001e17910d2a0, 39;
v000001e17910d2a0_40 .array/port v000001e17910d2a0, 40;
v000001e17910d2a0_41 .array/port v000001e17910d2a0, 41;
E_000001e1791390e0/35 .event anyedge, v000001e17910d2a0_38, v000001e17910d2a0_39, v000001e17910d2a0_40, v000001e17910d2a0_41;
v000001e17910d2a0_42 .array/port v000001e17910d2a0, 42;
v000001e17910d2a0_43 .array/port v000001e17910d2a0, 43;
v000001e17910d2a0_44 .array/port v000001e17910d2a0, 44;
v000001e17910d2a0_45 .array/port v000001e17910d2a0, 45;
E_000001e1791390e0/36 .event anyedge, v000001e17910d2a0_42, v000001e17910d2a0_43, v000001e17910d2a0_44, v000001e17910d2a0_45;
v000001e17910d2a0_46 .array/port v000001e17910d2a0, 46;
v000001e17910d2a0_47 .array/port v000001e17910d2a0, 47;
v000001e17910d2a0_48 .array/port v000001e17910d2a0, 48;
v000001e17910d2a0_49 .array/port v000001e17910d2a0, 49;
E_000001e1791390e0/37 .event anyedge, v000001e17910d2a0_46, v000001e17910d2a0_47, v000001e17910d2a0_48, v000001e17910d2a0_49;
v000001e17910d2a0_50 .array/port v000001e17910d2a0, 50;
v000001e17910d2a0_51 .array/port v000001e17910d2a0, 51;
v000001e17910d2a0_52 .array/port v000001e17910d2a0, 52;
v000001e17910d2a0_53 .array/port v000001e17910d2a0, 53;
E_000001e1791390e0/38 .event anyedge, v000001e17910d2a0_50, v000001e17910d2a0_51, v000001e17910d2a0_52, v000001e17910d2a0_53;
v000001e17910d2a0_54 .array/port v000001e17910d2a0, 54;
v000001e17910d2a0_55 .array/port v000001e17910d2a0, 55;
v000001e17910d2a0_56 .array/port v000001e17910d2a0, 56;
v000001e17910d2a0_57 .array/port v000001e17910d2a0, 57;
E_000001e1791390e0/39 .event anyedge, v000001e17910d2a0_54, v000001e17910d2a0_55, v000001e17910d2a0_56, v000001e17910d2a0_57;
v000001e17910d2a0_58 .array/port v000001e17910d2a0, 58;
v000001e17910d2a0_59 .array/port v000001e17910d2a0, 59;
v000001e17910d2a0_60 .array/port v000001e17910d2a0, 60;
v000001e17910d2a0_61 .array/port v000001e17910d2a0, 61;
E_000001e1791390e0/40 .event anyedge, v000001e17910d2a0_58, v000001e17910d2a0_59, v000001e17910d2a0_60, v000001e17910d2a0_61;
v000001e17910d2a0_62 .array/port v000001e17910d2a0, 62;
v000001e17910d2a0_63 .array/port v000001e17910d2a0, 63;
v000001e17910d2a0_64 .array/port v000001e17910d2a0, 64;
v000001e17910d2a0_65 .array/port v000001e17910d2a0, 65;
E_000001e1791390e0/41 .event anyedge, v000001e17910d2a0_62, v000001e17910d2a0_63, v000001e17910d2a0_64, v000001e17910d2a0_65;
v000001e17910d2a0_66 .array/port v000001e17910d2a0, 66;
v000001e17910d2a0_67 .array/port v000001e17910d2a0, 67;
v000001e17910d2a0_68 .array/port v000001e17910d2a0, 68;
v000001e17910d2a0_69 .array/port v000001e17910d2a0, 69;
E_000001e1791390e0/42 .event anyedge, v000001e17910d2a0_66, v000001e17910d2a0_67, v000001e17910d2a0_68, v000001e17910d2a0_69;
v000001e17910d2a0_70 .array/port v000001e17910d2a0, 70;
v000001e17910d2a0_71 .array/port v000001e17910d2a0, 71;
v000001e17910d2a0_72 .array/port v000001e17910d2a0, 72;
v000001e17910d2a0_73 .array/port v000001e17910d2a0, 73;
E_000001e1791390e0/43 .event anyedge, v000001e17910d2a0_70, v000001e17910d2a0_71, v000001e17910d2a0_72, v000001e17910d2a0_73;
v000001e17910d2a0_74 .array/port v000001e17910d2a0, 74;
v000001e17910d2a0_75 .array/port v000001e17910d2a0, 75;
v000001e17910d2a0_76 .array/port v000001e17910d2a0, 76;
v000001e17910d2a0_77 .array/port v000001e17910d2a0, 77;
E_000001e1791390e0/44 .event anyedge, v000001e17910d2a0_74, v000001e17910d2a0_75, v000001e17910d2a0_76, v000001e17910d2a0_77;
v000001e17910d2a0_78 .array/port v000001e17910d2a0, 78;
v000001e17910d2a0_79 .array/port v000001e17910d2a0, 79;
v000001e17910d2a0_80 .array/port v000001e17910d2a0, 80;
v000001e17910d2a0_81 .array/port v000001e17910d2a0, 81;
E_000001e1791390e0/45 .event anyedge, v000001e17910d2a0_78, v000001e17910d2a0_79, v000001e17910d2a0_80, v000001e17910d2a0_81;
v000001e17910d2a0_82 .array/port v000001e17910d2a0, 82;
v000001e17910d2a0_83 .array/port v000001e17910d2a0, 83;
v000001e17910d2a0_84 .array/port v000001e17910d2a0, 84;
v000001e17910d2a0_85 .array/port v000001e17910d2a0, 85;
E_000001e1791390e0/46 .event anyedge, v000001e17910d2a0_82, v000001e17910d2a0_83, v000001e17910d2a0_84, v000001e17910d2a0_85;
v000001e17910d2a0_86 .array/port v000001e17910d2a0, 86;
v000001e17910d2a0_87 .array/port v000001e17910d2a0, 87;
v000001e17910d2a0_88 .array/port v000001e17910d2a0, 88;
v000001e17910d2a0_89 .array/port v000001e17910d2a0, 89;
E_000001e1791390e0/47 .event anyedge, v000001e17910d2a0_86, v000001e17910d2a0_87, v000001e17910d2a0_88, v000001e17910d2a0_89;
v000001e17910d2a0_90 .array/port v000001e17910d2a0, 90;
v000001e17910d2a0_91 .array/port v000001e17910d2a0, 91;
v000001e17910d2a0_92 .array/port v000001e17910d2a0, 92;
v000001e17910d2a0_93 .array/port v000001e17910d2a0, 93;
E_000001e1791390e0/48 .event anyedge, v000001e17910d2a0_90, v000001e17910d2a0_91, v000001e17910d2a0_92, v000001e17910d2a0_93;
v000001e17910d2a0_94 .array/port v000001e17910d2a0, 94;
v000001e17910d2a0_95 .array/port v000001e17910d2a0, 95;
v000001e17910d2a0_96 .array/port v000001e17910d2a0, 96;
v000001e17910d2a0_97 .array/port v000001e17910d2a0, 97;
E_000001e1791390e0/49 .event anyedge, v000001e17910d2a0_94, v000001e17910d2a0_95, v000001e17910d2a0_96, v000001e17910d2a0_97;
v000001e17910d2a0_98 .array/port v000001e17910d2a0, 98;
v000001e17910d2a0_99 .array/port v000001e17910d2a0, 99;
v000001e17910d2a0_100 .array/port v000001e17910d2a0, 100;
E_000001e1791390e0/50 .event anyedge, v000001e17910d2a0_98, v000001e17910d2a0_99, v000001e17910d2a0_100;
E_000001e1791390e0 .event/or E_000001e1791390e0/0, E_000001e1791390e0/1, E_000001e1791390e0/2, E_000001e1791390e0/3, E_000001e1791390e0/4, E_000001e1791390e0/5, E_000001e1791390e0/6, E_000001e1791390e0/7, E_000001e1791390e0/8, E_000001e1791390e0/9, E_000001e1791390e0/10, E_000001e1791390e0/11, E_000001e1791390e0/12, E_000001e1791390e0/13, E_000001e1791390e0/14, E_000001e1791390e0/15, E_000001e1791390e0/16, E_000001e1791390e0/17, E_000001e1791390e0/18, E_000001e1791390e0/19, E_000001e1791390e0/20, E_000001e1791390e0/21, E_000001e1791390e0/22, E_000001e1791390e0/23, E_000001e1791390e0/24, E_000001e1791390e0/25, E_000001e1791390e0/26, E_000001e1791390e0/27, E_000001e1791390e0/28, E_000001e1791390e0/29, E_000001e1791390e0/30, E_000001e1791390e0/31, E_000001e1791390e0/32, E_000001e1791390e0/33, E_000001e1791390e0/34, E_000001e1791390e0/35, E_000001e1791390e0/36, E_000001e1791390e0/37, E_000001e1791390e0/38, E_000001e1791390e0/39, E_000001e1791390e0/40, E_000001e1791390e0/41, E_000001e1791390e0/42, E_000001e1791390e0/43, E_000001e1791390e0/44, E_000001e1791390e0/45, E_000001e1791390e0/46, E_000001e1791390e0/47, E_000001e1791390e0/48, E_000001e1791390e0/49, E_000001e1791390e0/50;
S_000001e179130450 .scope module, "dut2" "lpf_direct" 3 22, 4 2 0, S_000001e17912a410;
 .timescale -9 -12;
    .port_info 0 /INPUT 1 "clk";
    .port_info 1 /INPUT 1 "rst";
    .port_info 2 /INPUT 17 "x_in";
    .port_info 3 /OUTPUT 41 "y_out";
P_000001e179139260 .param/l "TAPS" 0 4 3, +C4<00000000000000000000000001100101>;
v000001e1791305e0_0 .var/s "acc", 40 0;
v000001e17918f890_0 .net "clk", 0 0, v000001e179198800_0;  alias, 1 drivers
v000001e17918f930 .array/s "coff", 100 0, 16 0;
v000001e179197d10_0 .var/i "i", 31 0;
v000001e179198300 .array/s "mem_x_in", 100 0, 16 0;
v000001e179197ea0_0 .net "rst", 0 0, v000001e179198120_0;  alias, 1 drivers
v000001e179198d00_0 .net/s "x_in", 16 0, v000001e1791984e0_0;  1 drivers
v000001e1791981c0_0 .var/s "y_out", 40 0;
v000001e179198300_0 .array/port v000001e179198300, 0;
v000001e179198300_1 .array/port v000001e179198300, 1;
v000001e179198300_2 .array/port v000001e179198300, 2;
E_000001e1791398a0/0 .event anyedge, v000001e1791305e0_0, v000001e179198300_0, v000001e179198300_1, v000001e179198300_2;
v000001e179198300_3 .array/port v000001e179198300, 3;
v000001e179198300_4 .array/port v000001e179198300, 4;
v000001e179198300_5 .array/port v000001e179198300, 5;
v000001e179198300_6 .array/port v000001e179198300, 6;
E_000001e1791398a0/1 .event anyedge, v000001e179198300_3, v000001e179198300_4, v000001e179198300_5, v000001e179198300_6;
v000001e179198300_7 .array/port v000001e179198300, 7;
v000001e179198300_8 .array/port v000001e179198300, 8;
v000001e179198300_9 .array/port v000001e179198300, 9;
v000001e179198300_10 .array/port v000001e179198300, 10;
E_000001e1791398a0/2 .event anyedge, v000001e179198300_7, v000001e179198300_8, v000001e179198300_9, v000001e179198300_10;
v000001e179198300_11 .array/port v000001e179198300, 11;
v000001e179198300_12 .array/port v000001e179198300, 12;
v000001e179198300_13 .array/port v000001e179198300, 13;
v000001e179198300_14 .array/port v000001e179198300, 14;
E_000001e1791398a0/3 .event anyedge, v000001e179198300_11, v000001e179198300_12, v000001e179198300_13, v000001e179198300_14;
v000001e179198300_15 .array/port v000001e179198300, 15;
v000001e179198300_16 .array/port v000001e179198300, 16;
v000001e179198300_17 .array/port v000001e179198300, 17;
v000001e179198300_18 .array/port v000001e179198300, 18;
E_000001e1791398a0/4 .event anyedge, v000001e179198300_15, v000001e179198300_16, v000001e179198300_17, v000001e179198300_18;
v000001e179198300_19 .array/port v000001e179198300, 19;
v000001e179198300_20 .array/port v000001e179198300, 20;
v000001e179198300_21 .array/port v000001e179198300, 21;
v000001e179198300_22 .array/port v000001e179198300, 22;
E_000001e1791398a0/5 .event anyedge, v000001e179198300_19, v000001e179198300_20, v000001e179198300_21, v000001e179198300_22;
v000001e179198300_23 .array/port v000001e179198300, 23;
v000001e179198300_24 .array/port v000001e179198300, 24;
v000001e179198300_25 .array/port v000001e179198300, 25;
v000001e179198300_26 .array/port v000001e179198300, 26;
E_000001e1791398a0/6 .event anyedge, v000001e179198300_23, v000001e179198300_24, v000001e179198300_25, v000001e179198300_26;
v000001e179198300_27 .array/port v000001e179198300, 27;
v000001e179198300_28 .array/port v000001e179198300, 28;
v000001e179198300_29 .array/port v000001e179198300, 29;
v000001e179198300_30 .array/port v000001e179198300, 30;
E_000001e1791398a0/7 .event anyedge, v000001e179198300_27, v000001e179198300_28, v000001e179198300_29, v000001e179198300_30;
v000001e179198300_31 .array/port v000001e179198300, 31;
v000001e179198300_32 .array/port v000001e179198300, 32;
v000001e179198300_33 .array/port v000001e179198300, 33;
v000001e179198300_34 .array/port v000001e179198300, 34;
E_000001e1791398a0/8 .event anyedge, v000001e179198300_31, v000001e179198300_32, v000001e179198300_33, v000001e179198300_34;
v000001e179198300_35 .array/port v000001e179198300, 35;
v000001e179198300_36 .array/port v000001e179198300, 36;
v000001e179198300_37 .array/port v000001e179198300, 37;
v000001e179198300_38 .array/port v000001e179198300, 38;
E_000001e1791398a0/9 .event anyedge, v000001e179198300_35, v000001e179198300_36, v000001e179198300_37, v000001e179198300_38;
v000001e179198300_39 .array/port v000001e179198300, 39;
v000001e179198300_40 .array/port v000001e179198300, 40;
v000001e179198300_41 .array/port v000001e179198300, 41;
v000001e179198300_42 .array/port v000001e179198300, 42;
E_000001e1791398a0/10 .event anyedge, v000001e179198300_39, v000001e179198300_40, v000001e179198300_41, v000001e179198300_42;
v000001e179198300_43 .array/port v000001e179198300, 43;
v000001e179198300_44 .array/port v000001e179198300, 44;
v000001e179198300_45 .array/port v000001e179198300, 45;
v000001e179198300_46 .array/port v000001e179198300, 46;
E_000001e1791398a0/11 .event anyedge, v000001e179198300_43, v000001e179198300_44, v000001e179198300_45, v000001e179198300_46;
v000001e179198300_47 .array/port v000001e179198300, 47;
v000001e179198300_48 .array/port v000001e179198300, 48;
v000001e179198300_49 .array/port v000001e179198300, 49;
v000001e179198300_50 .array/port v000001e179198300, 50;
E_000001e1791398a0/12 .event anyedge, v000001e179198300_47, v000001e179198300_48, v000001e179198300_49, v000001e179198300_50;
v000001e179198300_51 .array/port v000001e179198300, 51;
v000001e179198300_52 .array/port v000001e179198300, 52;
v000001e179198300_53 .array/port v000001e179198300, 53;
v000001e179198300_54 .array/port v000001e179198300, 54;
E_000001e1791398a0/13 .event anyedge, v000001e179198300_51, v000001e179198300_52, v000001e179198300_53, v000001e179198300_54;
v000001e179198300_55 .array/port v000001e179198300, 55;
v000001e179198300_56 .array/port v000001e179198300, 56;
v000001e179198300_57 .array/port v000001e179198300, 57;
v000001e179198300_58 .array/port v000001e179198300, 58;
E_000001e1791398a0/14 .event anyedge, v000001e179198300_55, v000001e179198300_56, v000001e179198300_57, v000001e179198300_58;
v000001e179198300_59 .array/port v000001e179198300, 59;
v000001e179198300_60 .array/port v000001e179198300, 60;
v000001e179198300_61 .array/port v000001e179198300, 61;
v000001e179198300_62 .array/port v000001e179198300, 62;
E_000001e1791398a0/15 .event anyedge, v000001e179198300_59, v000001e179198300_60, v000001e179198300_61, v000001e179198300_62;
v000001e179198300_63 .array/port v000001e179198300, 63;
v000001e179198300_64 .array/port v000001e179198300, 64;
v000001e179198300_65 .array/port v000001e179198300, 65;
v000001e179198300_66 .array/port v000001e179198300, 66;
E_000001e1791398a0/16 .event anyedge, v000001e179198300_63, v000001e179198300_64, v000001e179198300_65, v000001e179198300_66;
v000001e179198300_67 .array/port v000001e179198300, 67;
v000001e179198300_68 .array/port v000001e179198300, 68;
v000001e179198300_69 .array/port v000001e179198300, 69;
v000001e179198300_70 .array/port v000001e179198300, 70;
E_000001e1791398a0/17 .event anyedge, v000001e179198300_67, v000001e179198300_68, v000001e179198300_69, v000001e179198300_70;
v000001e179198300_71 .array/port v000001e179198300, 71;
v000001e179198300_72 .array/port v000001e179198300, 72;
v000001e179198300_73 .array/port v000001e179198300, 73;
v000001e179198300_74 .array/port v000001e179198300, 74;
E_000001e1791398a0/18 .event anyedge, v000001e179198300_71, v000001e179198300_72, v000001e179198300_73, v000001e179198300_74;
v000001e179198300_75 .array/port v000001e179198300, 75;
v000001e179198300_76 .array/port v000001e179198300, 76;
v000001e179198300_77 .array/port v000001e179198300, 77;
v000001e179198300_78 .array/port v000001e179198300, 78;
E_000001e1791398a0/19 .event anyedge, v000001e179198300_75, v000001e179198300_76, v000001e179198300_77, v000001e179198300_78;
v000001e179198300_79 .array/port v000001e179198300, 79;
v000001e179198300_80 .array/port v000001e179198300, 80;
v000001e179198300_81 .array/port v000001e179198300, 81;
v000001e179198300_82 .array/port v000001e179198300, 82;
E_000001e1791398a0/20 .event anyedge, v000001e179198300_79, v000001e179198300_80, v000001e179198300_81, v000001e179198300_82;
v000001e179198300_83 .array/port v000001e179198300, 83;
v000001e179198300_84 .array/port v000001e179198300, 84;
v000001e179198300_85 .array/port v000001e179198300, 85;
v000001e179198300_86 .array/port v000001e179198300, 86;
E_000001e1791398a0/21 .event anyedge, v000001e179198300_83, v000001e179198300_84, v000001e179198300_85, v000001e179198300_86;
v000001e179198300_87 .array/port v000001e179198300, 87;
v000001e179198300_88 .array/port v000001e179198300, 88;
v000001e179198300_89 .array/port v000001e179198300, 89;
v000001e179198300_90 .array/port v000001e179198300, 90;
E_000001e1791398a0/22 .event anyedge, v000001e179198300_87, v000001e179198300_88, v000001e179198300_89, v000001e179198300_90;
v000001e179198300_91 .array/port v000001e179198300, 91;
v000001e179198300_92 .array/port v000001e179198300, 92;
v000001e179198300_93 .array/port v000001e179198300, 93;
v000001e179198300_94 .array/port v000001e179198300, 94;
E_000001e1791398a0/23 .event anyedge, v000001e179198300_91, v000001e179198300_92, v000001e179198300_93, v000001e179198300_94;
v000001e179198300_95 .array/port v000001e179198300, 95;
v000001e179198300_96 .array/port v000001e179198300, 96;
v000001e179198300_97 .array/port v000001e179198300, 97;
v000001e179198300_98 .array/port v000001e179198300, 98;
E_000001e1791398a0/24 .event anyedge, v000001e179198300_95, v000001e179198300_96, v000001e179198300_97, v000001e179198300_98;
v000001e179198300_99 .array/port v000001e179198300, 99;
v000001e179198300_100 .array/port v000001e179198300, 100;
v000001e17918f930_0 .array/port v000001e17918f930, 0;
v000001e17918f930_1 .array/port v000001e17918f930, 1;
E_000001e1791398a0/25 .event anyedge, v000001e179198300_99, v000001e179198300_100, v000001e17918f930_0, v000001e17918f930_1;
v000001e17918f930_2 .array/port v000001e17918f930, 2;
v000001e17918f930_3 .array/port v000001e17918f930, 3;
v000001e17918f930_4 .array/port v000001e17918f930, 4;
v000001e17918f930_5 .array/port v000001e17918f930, 5;
E_000001e1791398a0/26 .event anyedge, v000001e17918f930_2, v000001e17918f930_3, v000001e17918f930_4, v000001e17918f930_5;
v000001e17918f930_6 .array/port v000001e17918f930, 6;
v000001e17918f930_7 .array/port v000001e17918f930, 7;
v000001e17918f930_8 .array/port v000001e17918f930, 8;
v000001e17918f930_9 .array/port v000001e17918f930, 9;
E_000001e1791398a0/27 .event anyedge, v000001e17918f930_6, v000001e17918f930_7, v000001e17918f930_8, v000001e17918f930_9;
v000001e17918f930_10 .array/port v000001e17918f930, 10;
v000001e17918f930_11 .array/port v000001e17918f930, 11;
v000001e17918f930_12 .array/port v000001e17918f930, 12;
v000001e17918f930_13 .array/port v000001e17918f930, 13;
E_000001e1791398a0/28 .event anyedge, v000001e17918f930_10, v000001e17918f930_11, v000001e17918f930_12, v000001e17918f930_13;
v000001e17918f930_14 .array/port v000001e17918f930, 14;
v000001e17918f930_15 .array/port v000001e17918f930, 15;
v000001e17918f930_16 .array/port v000001e17918f930, 16;
v000001e17918f930_17 .array/port v000001e17918f930, 17;
E_000001e1791398a0/29 .event anyedge, v000001e17918f930_14, v000001e17918f930_15, v000001e17918f930_16, v000001e17918f930_17;
v000001e17918f930_18 .array/port v000001e17918f930, 18;
v000001e17918f930_19 .array/port v000001e17918f930, 19;
v000001e17918f930_20 .array/port v000001e17918f930, 20;
v000001e17918f930_21 .array/port v000001e17918f930, 21;
E_000001e1791398a0/30 .event anyedge, v000001e17918f930_18, v000001e17918f930_19, v000001e17918f930_20, v000001e17918f930_21;
v000001e17918f930_22 .array/port v000001e17918f930, 22;
v000001e17918f930_23 .array/port v000001e17918f930, 23;
v000001e17918f930_24 .array/port v000001e17918f930, 24;
v000001e17918f930_25 .array/port v000001e17918f930, 25;
E_000001e1791398a0/31 .event anyedge, v000001e17918f930_22, v000001e17918f930_23, v000001e17918f930_24, v000001e17918f930_25;
v000001e17918f930_26 .array/port v000001e17918f930, 26;
v000001e17918f930_27 .array/port v000001e17918f930, 27;
v000001e17918f930_28 .array/port v000001e17918f930, 28;
v000001e17918f930_29 .array/port v000001e17918f930, 29;
E_000001e1791398a0/32 .event anyedge, v000001e17918f930_26, v000001e17918f930_27, v000001e17918f930_28, v000001e17918f930_29;
v000001e17918f930_30 .array/port v000001e17918f930, 30;
v000001e17918f930_31 .array/port v000001e17918f930, 31;
v000001e17918f930_32 .array/port v000001e17918f930, 32;
v000001e17918f930_33 .array/port v000001e17918f930, 33;
E_000001e1791398a0/33 .event anyedge, v000001e17918f930_30, v000001e17918f930_31, v000001e17918f930_32, v000001e17918f930_33;
v000001e17918f930_34 .array/port v000001e17918f930, 34;
v000001e17918f930_35 .array/port v000001e17918f930, 35;
v000001e17918f930_36 .array/port v000001e17918f930, 36;
v000001e17918f930_37 .array/port v000001e17918f930, 37;
E_000001e1791398a0/34 .event anyedge, v000001e17918f930_34, v000001e17918f930_35, v000001e17918f930_36, v000001e17918f930_37;
v000001e17918f930_38 .array/port v000001e17918f930, 38;
v000001e17918f930_39 .array/port v000001e17918f930, 39;
v000001e17918f930_40 .array/port v000001e17918f930, 40;
v000001e17918f930_41 .array/port v000001e17918f930, 41;
E_000001e1791398a0/35 .event anyedge, v000001e17918f930_38, v000001e17918f930_39, v000001e17918f930_40, v000001e17918f930_41;
v000001e17918f930_42 .array/port v000001e17918f930, 42;
v000001e17918f930_43 .array/port v000001e17918f930, 43;
v000001e17918f930_44 .array/port v000001e17918f930, 44;
v000001e17918f930_45 .array/port v000001e17918f930, 45;
E_000001e1791398a0/36 .event anyedge, v000001e17918f930_42, v000001e17918f930_43, v000001e17918f930_44, v000001e17918f930_45;
v000001e17918f930_46 .array/port v000001e17918f930, 46;
v000001e17918f930_47 .array/port v000001e17918f930, 47;
v000001e17918f930_48 .array/port v000001e17918f930, 48;
v000001e17918f930_49 .array/port v000001e17918f930, 49;
E_000001e1791398a0/37 .event anyedge, v000001e17918f930_46, v000001e17918f930_47, v000001e17918f930_48, v000001e17918f930_49;
v000001e17918f930_50 .array/port v000001e17918f930, 50;
v000001e17918f930_51 .array/port v000001e17918f930, 51;
v000001e17918f930_52 .array/port v000001e17918f930, 52;
v000001e17918f930_53 .array/port v000001e17918f930, 53;
E_000001e1791398a0/38 .event anyedge, v000001e17918f930_50, v000001e17918f930_51, v000001e17918f930_52, v000001e17918f930_53;
v000001e17918f930_54 .array/port v000001e17918f930, 54;
v000001e17918f930_55 .array/port v000001e17918f930, 55;
v000001e17918f930_56 .array/port v000001e17918f930, 56;
v000001e17918f930_57 .array/port v000001e17918f930, 57;
E_000001e1791398a0/39 .event anyedge, v000001e17918f930_54, v000001e17918f930_55, v000001e17918f930_56, v000001e17918f930_57;
v000001e17918f930_58 .array/port v000001e17918f930, 58;
v000001e17918f930_59 .array/port v000001e17918f930, 59;
v000001e17918f930_60 .array/port v000001e17918f930, 60;
v000001e17918f930_61 .array/port v000001e17918f930, 61;
E_000001e1791398a0/40 .event anyedge, v000001e17918f930_58, v000001e17918f930_59, v000001e17918f930_60, v000001e17918f930_61;
v000001e17918f930_62 .array/port v000001e17918f930, 62;
v000001e17918f930_63 .array/port v000001e17918f930, 63;
v000001e17918f930_64 .array/port v000001e17918f930, 64;
v000001e17918f930_65 .array/port v000001e17918f930, 65;
E_000001e1791398a0/41 .event anyedge, v000001e17918f930_62, v000001e17918f930_63, v000001e17918f930_64, v000001e17918f930_65;
v000001e17918f930_66 .array/port v000001e17918f930, 66;
v000001e17918f930_67 .array/port v000001e17918f930, 67;
v000001e17918f930_68 .array/port v000001e17918f930, 68;
v000001e17918f930_69 .array/port v000001e17918f930, 69;
E_000001e1791398a0/42 .event anyedge, v000001e17918f930_66, v000001e17918f930_67, v000001e17918f930_68, v000001e17918f930_69;
v000001e17918f930_70 .array/port v000001e17918f930, 70;
v000001e17918f930_71 .array/port v000001e17918f930, 71;
v000001e17918f930_72 .array/port v000001e17918f930, 72;
v000001e17918f930_73 .array/port v000001e17918f930, 73;
E_000001e1791398a0/43 .event anyedge, v000001e17918f930_70, v000001e17918f930_71, v000001e17918f930_72, v000001e17918f930_73;
v000001e17918f930_74 .array/port v000001e17918f930, 74;
v000001e17918f930_75 .array/port v000001e17918f930, 75;
v000001e17918f930_76 .array/port v000001e17918f930, 76;
v000001e17918f930_77 .array/port v000001e17918f930, 77;
E_000001e1791398a0/44 .event anyedge, v000001e17918f930_74, v000001e17918f930_75, v000001e17918f930_76, v000001e17918f930_77;
v000001e17918f930_78 .array/port v000001e17918f930, 78;
v000001e17918f930_79 .array/port v000001e17918f930, 79;
v000001e17918f930_80 .array/port v000001e17918f930, 80;
v000001e17918f930_81 .array/port v000001e17918f930, 81;
E_000001e1791398a0/45 .event anyedge, v000001e17918f930_78, v000001e17918f930_79, v000001e17918f930_80, v000001e17918f930_81;
v000001e17918f930_82 .array/port v000001e17918f930, 82;
v000001e17918f930_83 .array/port v000001e17918f930, 83;
v000001e17918f930_84 .array/port v000001e17918f930, 84;
v000001e17918f930_85 .array/port v000001e17918f930, 85;
E_000001e1791398a0/46 .event anyedge, v000001e17918f930_82, v000001e17918f930_83, v000001e17918f930_84, v000001e17918f930_85;
v000001e17918f930_86 .array/port v000001e17918f930, 86;
v000001e17918f930_87 .array/port v000001e17918f930, 87;
v000001e17918f930_88 .array/port v000001e17918f930, 88;
v000001e17918f930_89 .array/port v000001e17918f930, 89;
E_000001e1791398a0/47 .event anyedge, v000001e17918f930_86, v000001e17918f930_87, v000001e17918f930_88, v000001e17918f930_89;
v000001e17918f930_90 .array/port v000001e17918f930, 90;
v000001e17918f930_91 .array/port v000001e17918f930, 91;
v000001e17918f930_92 .array/port v000001e17918f930, 92;
v000001e17918f930_93 .array/port v000001e17918f930, 93;
E_000001e1791398a0/48 .event anyedge, v000001e17918f930_90, v000001e17918f930_91, v000001e17918f930_92, v000001e17918f930_93;
v000001e17918f930_94 .array/port v000001e17918f930, 94;
v000001e17918f930_95 .array/port v000001e17918f930, 95;
v000001e17918f930_96 .array/port v000001e17918f930, 96;
v000001e17918f930_97 .array/port v000001e17918f930, 97;
E_000001e1791398a0/49 .event anyedge, v000001e17918f930_94, v000001e17918f930_95, v000001e17918f930_96, v000001e17918f930_97;
v000001e17918f930_98 .array/port v000001e17918f930, 98;
v000001e17918f930_99 .array/port v000001e17918f930, 99;
v000001e17918f930_100 .array/port v000001e17918f930, 100;
E_000001e1791398a0/50 .event anyedge, v000001e17918f930_98, v000001e17918f930_99, v000001e17918f930_100;
E_000001e1791398a0 .event/or E_000001e1791398a0/0, E_000001e1791398a0/1, E_000001e1791398a0/2, E_000001e1791398a0/3, E_000001e1791398a0/4, E_000001e1791398a0/5, E_000001e1791398a0/6, E_000001e1791398a0/7, E_000001e1791398a0/8, E_000001e1791398a0/9, E_000001e1791398a0/10, E_000001e1791398a0/11, E_000001e1791398a0/12, E_000001e1791398a0/13, E_000001e1791398a0/14, E_000001e1791398a0/15, E_000001e1791398a0/16, E_000001e1791398a0/17, E_000001e1791398a0/18, E_000001e1791398a0/19, E_000001e1791398a0/20, E_000001e1791398a0/21, E_000001e1791398a0/22, E_000001e1791398a0/23, E_000001e1791398a0/24, E_000001e1791398a0/25, E_000001e1791398a0/26, E_000001e1791398a0/27, E_000001e1791398a0/28, E_000001e1791398a0/29, E_000001e1791398a0/30, E_000001e1791398a0/31, E_000001e1791398a0/32, E_000001e1791398a0/33, E_000001e1791398a0/34, E_000001e1791398a0/35, E_000001e1791398a0/36, E_000001e1791398a0/37, E_000001e1791398a0/38, E_000001e1791398a0/39, E_000001e1791398a0/40, E_000001e1791398a0/41, E_000001e1791398a0/42, E_000001e1791398a0/43, E_000001e1791398a0/44, E_000001e1791398a0/45, E_000001e1791398a0/46, E_000001e1791398a0/47, E_000001e1791398a0/48, E_000001e1791398a0/49, E_000001e1791398a0/50;
S_000001e1791990f0 .scope module, "dut3" "lpf_direct" 3 29, 4 2 0, S_000001e17912a410;
 .timescale -9 -12;
    .port_info 0 /INPUT 1 "clk";
    .port_info 1 /INPUT 1 "rst";
    .port_info 2 /INPUT 17 "x_in";
    .port_info 3 /OUTPUT 41 "y_out";
P_000001e179138f60 .param/l "TAPS" 0 4 3, +C4<00000000000000000000000001100101>;
v000001e179197fe0_0 .var/s "acc", 40 0;
v000001e179197f40_0 .net "clk", 0 0, v000001e179198800_0;  alias, 1 drivers
v000001e1791986c0 .array/s "coff", 100 0, 16 0;
v000001e179197e00_0 .var/i "i", 31 0;
v000001e179198620 .array/s "mem_x_in", 100 0, 16 0;
v000001e1791989e0_0 .net "rst", 0 0, v000001e179198120_0;  alias, 1 drivers
v000001e179198580_0 .net/s "x_in", 16 0, v000001e17919b430_0;  1 drivers
v000001e179198760_0 .var/s "y_out", 40 0;
v000001e179198620_0 .array/port v000001e179198620, 0;
v000001e179198620_1 .array/port v000001e179198620, 1;
v000001e179198620_2 .array/port v000001e179198620, 2;
E_000001e179139920/0 .event anyedge, v000001e179197fe0_0, v000001e179198620_0, v000001e179198620_1, v000001e179198620_2;
v000001e179198620_3 .array/port v000001e179198620, 3;
v000001e179198620_4 .array/port v000001e179198620, 4;
v000001e179198620_5 .array/port v000001e179198620, 5;
v000001e179198620_6 .array/port v000001e179198620, 6;
E_000001e179139920/1 .event anyedge, v000001e179198620_3, v000001e179198620_4, v000001e179198620_5, v000001e179198620_6;
v000001e179198620_7 .array/port v000001e179198620, 7;
v000001e179198620_8 .array/port v000001e179198620, 8;
v000001e179198620_9 .array/port v000001e179198620, 9;
v000001e179198620_10 .array/port v000001e179198620, 10;
E_000001e179139920/2 .event anyedge, v000001e179198620_7, v000001e179198620_8, v000001e179198620_9, v000001e179198620_10;
v000001e179198620_11 .array/port v000001e179198620, 11;
v000001e179198620_12 .array/port v000001e179198620, 12;
v000001e179198620_13 .array/port v000001e179198620, 13;
v000001e179198620_14 .array/port v000001e179198620, 14;
E_000001e179139920/3 .event anyedge, v000001e179198620_11, v000001e179198620_12, v000001e179198620_13, v000001e179198620_14;
v000001e179198620_15 .array/port v000001e179198620, 15;
v000001e179198620_16 .array/port v000001e179198620, 16;
v000001e179198620_17 .array/port v000001e179198620, 17;
v000001e179198620_18 .array/port v000001e179198620, 18;
E_000001e179139920/4 .event anyedge, v000001e179198620_15, v000001e179198620_16, v000001e179198620_17, v000001e179198620_18;
v000001e179198620_19 .array/port v000001e179198620, 19;
v000001e179198620_20 .array/port v000001e179198620, 20;
v000001e179198620_21 .array/port v000001e179198620, 21;
v000001e179198620_22 .array/port v000001e179198620, 22;
E_000001e179139920/5 .event anyedge, v000001e179198620_19, v000001e179198620_20, v000001e179198620_21, v000001e179198620_22;
v000001e179198620_23 .array/port v000001e179198620, 23;
v000001e179198620_24 .array/port v000001e179198620, 24;
v000001e179198620_25 .array/port v000001e179198620, 25;
v000001e179198620_26 .array/port v000001e179198620, 26;
E_000001e179139920/6 .event anyedge, v000001e179198620_23, v000001e179198620_24, v000001e179198620_25, v000001e179198620_26;
v000001e179198620_27 .array/port v000001e179198620, 27;
v000001e179198620_28 .array/port v000001e179198620, 28;
v000001e179198620_29 .array/port v000001e179198620, 29;
v000001e179198620_30 .array/port v000001e179198620, 30;
E_000001e179139920/7 .event anyedge, v000001e179198620_27, v000001e179198620_28, v000001e179198620_29, v000001e179198620_30;
v000001e179198620_31 .array/port v000001e179198620, 31;
v000001e179198620_32 .array/port v000001e179198620, 32;
v000001e179198620_33 .array/port v000001e179198620, 33;
v000001e179198620_34 .array/port v000001e179198620, 34;
E_000001e179139920/8 .event anyedge, v000001e179198620_31, v000001e179198620_32, v000001e179198620_33, v000001e179198620_34;
v000001e179198620_35 .array/port v000001e179198620, 35;
v000001e179198620_36 .array/port v000001e179198620, 36;
v000001e179198620_37 .array/port v000001e179198620, 37;
v000001e179198620_38 .array/port v000001e179198620, 38;
E_000001e179139920/9 .event anyedge, v000001e179198620_35, v000001e179198620_36, v000001e179198620_37, v000001e179198620_38;
v000001e179198620_39 .array/port v000001e179198620, 39;
v000001e179198620_40 .array/port v000001e179198620, 40;
v000001e179198620_41 .array/port v000001e179198620, 41;
v000001e179198620_42 .array/port v000001e179198620, 42;
E_000001e179139920/10 .event anyedge, v000001e179198620_39, v000001e179198620_40, v000001e179198620_41, v000001e179198620_42;
v000001e179198620_43 .array/port v000001e179198620, 43;
v000001e179198620_44 .array/port v000001e179198620, 44;
v000001e179198620_45 .array/port v000001e179198620, 45;
v000001e179198620_46 .array/port v000001e179198620, 46;
E_000001e179139920/11 .event anyedge, v000001e179198620_43, v000001e179198620_44, v000001e179198620_45, v000001e179198620_46;
v000001e179198620_47 .array/port v000001e179198620, 47;
v000001e179198620_48 .array/port v000001e179198620, 48;
v000001e179198620_49 .array/port v000001e179198620, 49;
v000001e179198620_50 .array/port v000001e179198620, 50;
E_000001e179139920/12 .event anyedge, v000001e179198620_47, v000001e179198620_48, v000001e179198620_49, v000001e179198620_50;
v000001e179198620_51 .array/port v000001e179198620, 51;
v000001e179198620_52 .array/port v000001e179198620, 52;
v000001e179198620_53 .array/port v000001e179198620, 53;
v000001e179198620_54 .array/port v000001e179198620, 54;
E_000001e179139920/13 .event anyedge, v000001e179198620_51, v000001e179198620_52, v000001e179198620_53, v000001e179198620_54;
v000001e179198620_55 .array/port v000001e179198620, 55;
v000001e179198620_56 .array/port v000001e179198620, 56;
v000001e179198620_57 .array/port v000001e179198620, 57;
v000001e179198620_58 .array/port v000001e179198620, 58;
E_000001e179139920/14 .event anyedge, v000001e179198620_55, v000001e179198620_56, v000001e179198620_57, v000001e179198620_58;
v000001e179198620_59 .array/port v000001e179198620, 59;
v000001e179198620_60 .array/port v000001e179198620, 60;
v000001e179198620_61 .array/port v000001e179198620, 61;
v000001e179198620_62 .array/port v000001e179198620, 62;
E_000001e179139920/15 .event anyedge, v000001e179198620_59, v000001e179198620_60, v000001e179198620_61, v000001e179198620_62;
v000001e179198620_63 .array/port v000001e179198620, 63;
v000001e179198620_64 .array/port v000001e179198620, 64;
v000001e179198620_65 .array/port v000001e179198620, 65;
v000001e179198620_66 .array/port v000001e179198620, 66;
E_000001e179139920/16 .event anyedge, v000001e179198620_63, v000001e179198620_64, v000001e179198620_65, v000001e179198620_66;
v000001e179198620_67 .array/port v000001e179198620, 67;
v000001e179198620_68 .array/port v000001e179198620, 68;
v000001e179198620_69 .array/port v000001e179198620, 69;
v000001e179198620_70 .array/port v000001e179198620, 70;
E_000001e179139920/17 .event anyedge, v000001e179198620_67, v000001e179198620_68, v000001e179198620_69, v000001e179198620_70;
v000001e179198620_71 .array/port v000001e179198620, 71;
v000001e179198620_72 .array/port v000001e179198620, 72;
v000001e179198620_73 .array/port v000001e179198620, 73;
v000001e179198620_74 .array/port v000001e179198620, 74;
E_000001e179139920/18 .event anyedge, v000001e179198620_71, v000001e179198620_72, v000001e179198620_73, v000001e179198620_74;
v000001e179198620_75 .array/port v000001e179198620, 75;
v000001e179198620_76 .array/port v000001e179198620, 76;
v000001e179198620_77 .array/port v000001e179198620, 77;
v000001e179198620_78 .array/port v000001e179198620, 78;
E_000001e179139920/19 .event anyedge, v000001e179198620_75, v000001e179198620_76, v000001e179198620_77, v000001e179198620_78;
v000001e179198620_79 .array/port v000001e179198620, 79;
v000001e179198620_80 .array/port v000001e179198620, 80;
v000001e179198620_81 .array/port v000001e179198620, 81;
v000001e179198620_82 .array/port v000001e179198620, 82;
E_000001e179139920/20 .event anyedge, v000001e179198620_79, v000001e179198620_80, v000001e179198620_81, v000001e179198620_82;
v000001e179198620_83 .array/port v000001e179198620, 83;
v000001e179198620_84 .array/port v000001e179198620, 84;
v000001e179198620_85 .array/port v000001e179198620, 85;
v000001e179198620_86 .array/port v000001e179198620, 86;
E_000001e179139920/21 .event anyedge, v000001e179198620_83, v000001e179198620_84, v000001e179198620_85, v000001e179198620_86;
v000001e179198620_87 .array/port v000001e179198620, 87;
v000001e179198620_88 .array/port v000001e179198620, 88;
v000001e179198620_89 .array/port v000001e179198620, 89;
v000001e179198620_90 .array/port v000001e179198620, 90;
E_000001e179139920/22 .event anyedge, v000001e179198620_87, v000001e179198620_88, v000001e179198620_89, v000001e179198620_90;
v000001e179198620_91 .array/port v000001e179198620, 91;
v000001e179198620_92 .array/port v000001e179198620, 92;
v000001e179198620_93 .array/port v000001e179198620, 93;
v000001e179198620_94 .array/port v000001e179198620, 94;
E_000001e179139920/23 .event anyedge, v000001e179198620_91, v000001e179198620_92, v000001e179198620_93, v000001e179198620_94;
v000001e179198620_95 .array/port v000001e179198620, 95;
v000001e179198620_96 .array/port v000001e179198620, 96;
v000001e179198620_97 .array/port v000001e179198620, 97;
v000001e179198620_98 .array/port v000001e179198620, 98;
E_000001e179139920/24 .event anyedge, v000001e179198620_95, v000001e179198620_96, v000001e179198620_97, v000001e179198620_98;
v000001e179198620_99 .array/port v000001e179198620, 99;
v000001e179198620_100 .array/port v000001e179198620, 100;
v000001e1791986c0_0 .array/port v000001e1791986c0, 0;
v000001e1791986c0_1 .array/port v000001e1791986c0, 1;
E_000001e179139920/25 .event anyedge, v000001e179198620_99, v000001e179198620_100, v000001e1791986c0_0, v000001e1791986c0_1;
v000001e1791986c0_2 .array/port v000001e1791986c0, 2;
v000001e1791986c0_3 .array/port v000001e1791986c0, 3;
v000001e1791986c0_4 .array/port v000001e1791986c0, 4;
v000001e1791986c0_5 .array/port v000001e1791986c0, 5;
E_000001e179139920/26 .event anyedge, v000001e1791986c0_2, v000001e1791986c0_3, v000001e1791986c0_4, v000001e1791986c0_5;
v000001e1791986c0_6 .array/port v000001e1791986c0, 6;
v000001e1791986c0_7 .array/port v000001e1791986c0, 7;
v000001e1791986c0_8 .array/port v000001e1791986c0, 8;
v000001e1791986c0_9 .array/port v000001e1791986c0, 9;
E_000001e179139920/27 .event anyedge, v000001e1791986c0_6, v000001e1791986c0_7, v000001e1791986c0_8, v000001e1791986c0_9;
v000001e1791986c0_10 .array/port v000001e1791986c0, 10;
v000001e1791986c0_11 .array/port v000001e1791986c0, 11;
v000001e1791986c0_12 .array/port v000001e1791986c0, 12;
v000001e1791986c0_13 .array/port v000001e1791986c0, 13;
E_000001e179139920/28 .event anyedge, v000001e1791986c0_10, v000001e1791986c0_11, v000001e1791986c0_12, v000001e1791986c0_13;
v000001e1791986c0_14 .array/port v000001e1791986c0, 14;
v000001e1791986c0_15 .array/port v000001e1791986c0, 15;
v000001e1791986c0_16 .array/port v000001e1791986c0, 16;
v000001e1791986c0_17 .array/port v000001e1791986c0, 17;
E_000001e179139920/29 .event anyedge, v000001e1791986c0_14, v000001e1791986c0_15, v000001e1791986c0_16, v000001e1791986c0_17;
v000001e1791986c0_18 .array/port v000001e1791986c0, 18;
v000001e1791986c0_19 .array/port v000001e1791986c0, 19;
v000001e1791986c0_20 .array/port v000001e1791986c0, 20;
v000001e1791986c0_21 .array/port v000001e1791986c0, 21;
E_000001e179139920/30 .event anyedge, v000001e1791986c0_18, v000001e1791986c0_19, v000001e1791986c0_20, v000001e1791986c0_21;
v000001e1791986c0_22 .array/port v000001e1791986c0, 22;
v000001e1791986c0_23 .array/port v000001e1791986c0, 23;
v000001e1791986c0_24 .array/port v000001e1791986c0, 24;
v000001e1791986c0_25 .array/port v000001e1791986c0, 25;
E_000001e179139920/31 .event anyedge, v000001e1791986c0_22, v000001e1791986c0_23, v000001e1791986c0_24, v000001e1791986c0_25;
v000001e1791986c0_26 .array/port v000001e1791986c0, 26;
v000001e1791986c0_27 .array/port v000001e1791986c0, 27;
v000001e1791986c0_28 .array/port v000001e1791986c0, 28;
v000001e1791986c0_29 .array/port v000001e1791986c0, 29;
E_000001e179139920/32 .event anyedge, v000001e1791986c0_26, v000001e1791986c0_27, v000001e1791986c0_28, v000001e1791986c0_29;
v000001e1791986c0_30 .array/port v000001e1791986c0, 30;
v000001e1791986c0_31 .array/port v000001e1791986c0, 31;
v000001e1791986c0_32 .array/port v000001e1791986c0, 32;
v000001e1791986c0_33 .array/port v000001e1791986c0, 33;
E_000001e179139920/33 .event anyedge, v000001e1791986c0_30, v000001e1791986c0_31, v000001e1791986c0_32, v000001e1791986c0_33;
v000001e1791986c0_34 .array/port v000001e1791986c0, 34;
v000001e1791986c0_35 .array/port v000001e1791986c0, 35;
v000001e1791986c0_36 .array/port v000001e1791986c0, 36;
v000001e1791986c0_37 .array/port v000001e1791986c0, 37;
E_000001e179139920/34 .event anyedge, v000001e1791986c0_34, v000001e1791986c0_35, v000001e1791986c0_36, v000001e1791986c0_37;
v000001e1791986c0_38 .array/port v000001e1791986c0, 38;
v000001e1791986c0_39 .array/port v000001e1791986c0, 39;
v000001e1791986c0_40 .array/port v000001e1791986c0, 40;
v000001e1791986c0_41 .array/port v000001e1791986c0, 41;
E_000001e179139920/35 .event anyedge, v000001e1791986c0_38, v000001e1791986c0_39, v000001e1791986c0_40, v000001e1791986c0_41;
v000001e1791986c0_42 .array/port v000001e1791986c0, 42;
v000001e1791986c0_43 .array/port v000001e1791986c0, 43;
v000001e1791986c0_44 .array/port v000001e1791986c0, 44;
v000001e1791986c0_45 .array/port v000001e1791986c0, 45;
E_000001e179139920/36 .event anyedge, v000001e1791986c0_42, v000001e1791986c0_43, v000001e1791986c0_44, v000001e1791986c0_45;
v000001e1791986c0_46 .array/port v000001e1791986c0, 46;
v000001e1791986c0_47 .array/port v000001e1791986c0, 47;
v000001e1791986c0_48 .array/port v000001e1791986c0, 48;
v000001e1791986c0_49 .array/port v000001e1791986c0, 49;
E_000001e179139920/37 .event anyedge, v000001e1791986c0_46, v000001e1791986c0_47, v000001e1791986c0_48, v000001e1791986c0_49;
v000001e1791986c0_50 .array/port v000001e1791986c0, 50;
v000001e1791986c0_51 .array/port v000001e1791986c0, 51;
v000001e1791986c0_52 .array/port v000001e1791986c0, 52;
v000001e1791986c0_53 .array/port v000001e1791986c0, 53;
E_000001e179139920/38 .event anyedge, v000001e1791986c0_50, v000001e1791986c0_51, v000001e1791986c0_52, v000001e1791986c0_53;
v000001e1791986c0_54 .array/port v000001e1791986c0, 54;
v000001e1791986c0_55 .array/port v000001e1791986c0, 55;
v000001e1791986c0_56 .array/port v000001e1791986c0, 56;
v000001e1791986c0_57 .array/port v000001e1791986c0, 57;
E_000001e179139920/39 .event anyedge, v000001e1791986c0_54, v000001e1791986c0_55, v000001e1791986c0_56, v000001e1791986c0_57;
v000001e1791986c0_58 .array/port v000001e1791986c0, 58;
v000001e1791986c0_59 .array/port v000001e1791986c0, 59;
v000001e1791986c0_60 .array/port v000001e1791986c0, 60;
v000001e1791986c0_61 .array/port v000001e1791986c0, 61;
E_000001e179139920/40 .event anyedge, v000001e1791986c0_58, v000001e1791986c0_59, v000001e1791986c0_60, v000001e1791986c0_61;
v000001e1791986c0_62 .array/port v000001e1791986c0, 62;
v000001e1791986c0_63 .array/port v000001e1791986c0, 63;
v000001e1791986c0_64 .array/port v000001e1791986c0, 64;
v000001e1791986c0_65 .array/port v000001e1791986c0, 65;
E_000001e179139920/41 .event anyedge, v000001e1791986c0_62, v000001e1791986c0_63, v000001e1791986c0_64, v000001e1791986c0_65;
v000001e1791986c0_66 .array/port v000001e1791986c0, 66;
v000001e1791986c0_67 .array/port v000001e1791986c0, 67;
v000001e1791986c0_68 .array/port v000001e1791986c0, 68;
v000001e1791986c0_69 .array/port v000001e1791986c0, 69;
E_000001e179139920/42 .event anyedge, v000001e1791986c0_66, v000001e1791986c0_67, v000001e1791986c0_68, v000001e1791986c0_69;
v000001e1791986c0_70 .array/port v000001e1791986c0, 70;
v000001e1791986c0_71 .array/port v000001e1791986c0, 71;
v000001e1791986c0_72 .array/port v000001e1791986c0, 72;
v000001e1791986c0_73 .array/port v000001e1791986c0, 73;
E_000001e179139920/43 .event anyedge, v000001e1791986c0_70, v000001e1791986c0_71, v000001e1791986c0_72, v000001e1791986c0_73;
v000001e1791986c0_74 .array/port v000001e1791986c0, 74;
v000001e1791986c0_75 .array/port v000001e1791986c0, 75;
v000001e1791986c0_76 .array/port v000001e1791986c0, 76;
v000001e1791986c0_77 .array/port v000001e1791986c0, 77;
E_000001e179139920/44 .event anyedge, v000001e1791986c0_74, v000001e1791986c0_75, v000001e1791986c0_76, v000001e1791986c0_77;
v000001e1791986c0_78 .array/port v000001e1791986c0, 78;
v000001e1791986c0_79 .array/port v000001e1791986c0, 79;
v000001e1791986c0_80 .array/port v000001e1791986c0, 80;
v000001e1791986c0_81 .array/port v000001e1791986c0, 81;
E_000001e179139920/45 .event anyedge, v000001e1791986c0_78, v000001e1791986c0_79, v000001e1791986c0_80, v000001e1791986c0_81;
v000001e1791986c0_82 .array/port v000001e1791986c0, 82;
v000001e1791986c0_83 .array/port v000001e1791986c0, 83;
v000001e1791986c0_84 .array/port v000001e1791986c0, 84;
v000001e1791986c0_85 .array/port v000001e1791986c0, 85;
E_000001e179139920/46 .event anyedge, v000001e1791986c0_82, v000001e1791986c0_83, v000001e1791986c0_84, v000001e1791986c0_85;
v000001e1791986c0_86 .array/port v000001e1791986c0, 86;
v000001e1791986c0_87 .array/port v000001e1791986c0, 87;
v000001e1791986c0_88 .array/port v000001e1791986c0, 88;
v000001e1791986c0_89 .array/port v000001e1791986c0, 89;
E_000001e179139920/47 .event anyedge, v000001e1791986c0_86, v000001e1791986c0_87, v000001e1791986c0_88, v000001e1791986c0_89;
v000001e1791986c0_90 .array/port v000001e1791986c0, 90;
v000001e1791986c0_91 .array/port v000001e1791986c0, 91;
v000001e1791986c0_92 .array/port v000001e1791986c0, 92;
v000001e1791986c0_93 .array/port v000001e1791986c0, 93;
E_000001e179139920/48 .event anyedge, v000001e1791986c0_90, v000001e1791986c0_91, v000001e1791986c0_92, v000001e1791986c0_93;
v000001e1791986c0_94 .array/port v000001e1791986c0, 94;
v000001e1791986c0_95 .array/port v000001e1791986c0, 95;
v000001e1791986c0_96 .array/port v000001e1791986c0, 96;
v000001e1791986c0_97 .array/port v000001e1791986c0, 97;
E_000001e179139920/49 .event anyedge, v000001e1791986c0_94, v000001e1791986c0_95, v000001e1791986c0_96, v000001e1791986c0_97;
v000001e1791986c0_98 .array/port v000001e1791986c0, 98;
v000001e1791986c0_99 .array/port v000001e1791986c0, 99;
v000001e1791986c0_100 .array/port v000001e1791986c0, 100;
E_000001e179139920/50 .event anyedge, v000001e1791986c0_98, v000001e1791986c0_99, v000001e1791986c0_100;
E_000001e179139920 .event/or E_000001e179139920/0, E_000001e179139920/1, E_000001e179139920/2, E_000001e179139920/3, E_000001e179139920/4, E_000001e179139920/5, E_000001e179139920/6, E_000001e179139920/7, E_000001e179139920/8, E_000001e179139920/9, E_000001e179139920/10, E_000001e179139920/11, E_000001e179139920/12, E_000001e179139920/13, E_000001e179139920/14, E_000001e179139920/15, E_000001e179139920/16, E_000001e179139920/17, E_000001e179139920/18, E_000001e179139920/19, E_000001e179139920/20, E_000001e179139920/21, E_000001e179139920/22, E_000001e179139920/23, E_000001e179139920/24, E_000001e179139920/25, E_000001e179139920/26, E_000001e179139920/27, E_000001e179139920/28, E_000001e179139920/29, E_000001e179139920/30, E_000001e179139920/31, E_000001e179139920/32, E_000001e179139920/33, E_000001e179139920/34, E_000001e179139920/35, E_000001e179139920/36, E_000001e179139920/37, E_000001e179139920/38, E_000001e179139920/39, E_000001e179139920/40, E_000001e179139920/41, E_000001e179139920/42, E_000001e179139920/43, E_000001e179139920/44, E_000001e179139920/45, E_000001e179139920/46, E_000001e179139920/47, E_000001e179139920/48, E_000001e179139920/49, E_000001e179139920/50;
    .scope S_000001e1791302c0;
T_0 ;
    %vpi_call/w 4 19 "$readmemb", "fir_taps_Q3_14.mem", v000001e17910d2a0 {0 0 0};
    %end;
    .thread T_0;
    .scope S_000001e1791302c0;
T_1 ;
    %wait E_000001e1791390e0;
    %pushi/vec4 0, 0, 41;
    %store/vec4 v000001e17913ced0_0, 0, 41;
    %pushi/vec4 0, 0, 32;
    %store/vec4 v000001e1790c69c0_0, 0, 32;
T_1.0 ;
    %load/vec4 v000001e1790c69c0_0;
    %cmpi/s 101, 0, 32;
    %jmp/0xz T_1.1, 5;
    %load/vec4 v000001e17913ced0_0;
    %ix/getv/s 4, v000001e1790c69c0_0;
    %load/vec4a v000001e1790c6be0, 4;
    %pad/s 41;
    %ix/getv/s 4, v000001e1790c69c0_0;
    %load/vec4a v000001e17910d2a0, 4;
    %pad/s 41;
    %mul;
    %add;
    %store/vec4 v000001e17913ced0_0, 0, 41;
    %load/vec4 v000001e1790c69c0_0;
    %addi 1, 0, 32;
    %store/vec4 v000001e1790c69c0_0, 0, 32;
    %jmp T_1.0;
T_1.1 ;
    %jmp T_1;
    .thread T_1, $push;
    .scope S_000001e1791302c0;
T_2 ;
    %wait E_000001e179139220;
    %load/vec4 v000001e179114600_0;
    %flag_set/vec4 8;
    %jmp/0xz  T_2.0, 8;
    %pushi/vec4 0, 0, 32;
    %store/vec4 v000001e1790c69c0_0, 0, 32;
T_2.2 ;
    %load/vec4 v000001e1790c69c0_0;
    %cmpi/s 101, 0, 32;
    %jmp/0xz T_2.3, 5;
    %pushi/vec4 0, 0, 17;
    %ix/getv/s 3, v000001e1790c69c0_0;
    %ix/load 4, 0, 0; Constant delay
    %assign/vec4/a/d v000001e1790c6be0, 0, 4;
    %load/vec4 v000001e1790c69c0_0;
    %addi 1, 0, 32;
    %store/vec4 v000001e1790c69c0_0, 0, 32;
    %jmp T_2.2;
T_2.3 ;
    %jmp T_2.1;
T_2.0 ;
    %pushi/vec4 100, 0, 32;
    %store/vec4 v000001e1790c69c0_0, 0, 32;
T_2.4 ;
    %load/vec4 v000001e1790c69c0_0;
    %cmpi/s 0, 0, 32;
    %flag_or 5, 4; GT is !LE
    %flag_inv 5;
    %jmp/0xz T_2.5, 5;
    %load/vec4 v000001e1790c69c0_0;
    %subi 1, 0, 32;
    %ix/vec4/s 4;
    %load/vec4a v000001e1790c6be0, 4;
    %ix/getv/s 3, v000001e1790c69c0_0;
    %ix/load 4, 0, 0; Constant delay
    %assign/vec4/a/d v000001e1790c6be0, 0, 4;
    %load/vec4 v000001e1790c69c0_0;
    %subi 1, 0, 32;
    %store/vec4 v000001e1790c69c0_0, 0, 32;
    %jmp T_2.4;
T_2.5 ;
    %load/vec4 v000001e1790c6740_0;
    %ix/load 3, 0, 0;
    %flag_set/imm 4, 0;
    %ix/load 4, 0, 0; Constant delay
    %assign/vec4/a/d v000001e1790c6be0, 0, 4;
    %load/vec4 v000001e17913ced0_0;
    %assign/vec4 v000001e1790c67e0_0, 0;
T_2.1 ;
    %jmp T_2;
    .thread T_2;
    .scope S_000001e179130450;
T_3 ;
    %vpi_call/w 4 19 "$readmemb", "fir_taps_Q3_14.mem", v000001e17918f930 {0 0 0};
    %end;
    .thread T_3;
    .scope S_000001e179130450;
T_4 ;
    %wait E_000001e1791398a0;
    %pushi/vec4 0, 0, 41;
    %store/vec4 v000001e1791305e0_0, 0, 41;
    %pushi/vec4 0, 0, 32;
    %store/vec4 v000001e179197d10_0, 0, 32;
T_4.0 ;
    %load/vec4 v000001e179197d10_0;
    %cmpi/s 101, 0, 32;
    %jmp/0xz T_4.1, 5;
    %load/vec4 v000001e1791305e0_0;
    %ix/getv/s 4, v000001e179197d10_0;
    %load/vec4a v000001e179198300, 4;
    %pad/s 41;
    %ix/getv/s 4, v000001e179197d10_0;
    %load/vec4a v000001e17918f930, 4;
    %pad/s 41;
    %mul;
    %add;
    %store/vec4 v000001e1791305e0_0, 0, 41;
    %load/vec4 v000001e179197d10_0;
    %addi 1, 0, 32;
    %store/vec4 v000001e179197d10_0, 0, 32;
    %jmp T_4.0;
T_4.1 ;
    %jmp T_4;
    .thread T_4, $push;
    .scope S_000001e179130450;
T_5 ;
    %wait E_000001e179139220;
    %load/vec4 v000001e179197ea0_0;
    %flag_set/vec4 8;
    %jmp/0xz  T_5.0, 8;
    %pushi/vec4 0, 0, 32;
    %store/vec4 v000001e179197d10_0, 0, 32;
T_5.2 ;
    %load/vec4 v000001e179197d10_0;
    %cmpi/s 101, 0, 32;
    %jmp/0xz T_5.3, 5;
    %pushi/vec4 0, 0, 17;
    %ix/getv/s 3, v000001e179197d10_0;
    %ix/load 4, 0, 0; Constant delay
    %assign/vec4/a/d v000001e179198300, 0, 4;
    %load/vec4 v000001e179197d10_0;
    %addi 1, 0, 32;
    %store/vec4 v000001e179197d10_0, 0, 32;
    %jmp T_5.2;
T_5.3 ;
    %jmp T_5.1;
T_5.0 ;
    %pushi/vec4 100, 0, 32;
    %store/vec4 v000001e179197d10_0, 0, 32;
T_5.4 ;
    %load/vec4 v000001e179197d10_0;
    %cmpi/s 0, 0, 32;
    %flag_or 5, 4; GT is !LE
    %flag_inv 5;
    %jmp/0xz T_5.5, 5;
    %load/vec4 v000001e179197d10_0;
    %subi 1, 0, 32;
    %ix/vec4/s 4;
    %load/vec4a v000001e179198300, 4;
    %ix/getv/s 3, v000001e179197d10_0;
    %ix/load 4, 0, 0; Constant delay
    %assign/vec4/a/d v000001e179198300, 0, 4;
    %load/vec4 v000001e179197d10_0;
    %subi 1, 0, 32;
    %store/vec4 v000001e179197d10_0, 0, 32;
    %jmp T_5.4;
T_5.5 ;
    %load/vec4 v000001e179198d00_0;
    %ix/load 3, 0, 0;
    %flag_set/imm 4, 0;
    %ix/load 4, 0, 0; Constant delay
    %assign/vec4/a/d v000001e179198300, 0, 4;
    %load/vec4 v000001e1791305e0_0;
    %assign/vec4 v000001e1791981c0_0, 0;
T_5.1 ;
    %jmp T_5;
    .thread T_5;
    .scope S_000001e1791990f0;
T_6 ;
    %vpi_call/w 4 19 "$readmemb", "fir_taps_Q3_14.mem", v000001e1791986c0 {0 0 0};
    %end;
    .thread T_6;
    .scope S_000001e1791990f0;
T_7 ;
    %wait E_000001e179139920;
    %pushi/vec4 0, 0, 41;
    %store/vec4 v000001e179197fe0_0, 0, 41;
    %pushi/vec4 0, 0, 32;
    %store/vec4 v000001e179197e00_0, 0, 32;
T_7.0 ;
    %load/vec4 v000001e179197e00_0;
    %cmpi/s 101, 0, 32;
    %jmp/0xz T_7.1, 5;
    %load/vec4 v000001e179197fe0_0;
    %ix/getv/s 4, v000001e179197e00_0;
    %load/vec4a v000001e179198620, 4;
    %pad/s 41;
    %ix/getv/s 4, v000001e179197e00_0;
    %load/vec4a v000001e1791986c0, 4;
    %pad/s 41;
    %mul;
    %add;
    %store/vec4 v000001e179197fe0_0, 0, 41;
    %load/vec4 v000001e179197e00_0;
    %addi 1, 0, 32;
    %store/vec4 v000001e179197e00_0, 0, 32;
    %jmp T_7.0;
T_7.1 ;
    %jmp T_7;
    .thread T_7, $push;
    .scope S_000001e1791990f0;
T_8 ;
    %wait E_000001e179139220;
    %load/vec4 v000001e1791989e0_0;
    %flag_set/vec4 8;
    %jmp/0xz  T_8.0, 8;
    %pushi/vec4 0, 0, 32;
    %store/vec4 v000001e179197e00_0, 0, 32;
T_8.2 ;
    %load/vec4 v000001e179197e00_0;
    %cmpi/s 101, 0, 32;
    %jmp/0xz T_8.3, 5;
    %pushi/vec4 0, 0, 17;
    %ix/getv/s 3, v000001e179197e00_0;
    %ix/load 4, 0, 0; Constant delay
    %assign/vec4/a/d v000001e179198620, 0, 4;
    %load/vec4 v000001e179197e00_0;
    %addi 1, 0, 32;
    %store/vec4 v000001e179197e00_0, 0, 32;
    %jmp T_8.2;
T_8.3 ;
    %jmp T_8.1;
T_8.0 ;
    %pushi/vec4 100, 0, 32;
    %store/vec4 v000001e179197e00_0, 0, 32;
T_8.4 ;
    %load/vec4 v000001e179197e00_0;
    %cmpi/s 0, 0, 32;
    %flag_or 5, 4; GT is !LE
    %flag_inv 5;
    %jmp/0xz T_8.5, 5;
    %load/vec4 v000001e179197e00_0;
    %subi 1, 0, 32;
    %ix/vec4/s 4;
    %load/vec4a v000001e179198620, 4;
    %ix/getv/s 3, v000001e179197e00_0;
    %ix/load 4, 0, 0; Constant delay
    %assign/vec4/a/d v000001e179198620, 0, 4;
    %load/vec4 v000001e179197e00_0;
    %subi 1, 0, 32;
    %store/vec4 v000001e179197e00_0, 0, 32;
    %jmp T_8.4;
T_8.5 ;
    %load/vec4 v000001e179198580_0;
    %ix/load 3, 0, 0;
    %flag_set/imm 4, 0;
    %ix/load 4, 0, 0; Constant delay
    %assign/vec4/a/d v000001e179198620, 0, 4;
    %load/vec4 v000001e179197fe0_0;
    %assign/vec4 v000001e179198760_0, 0;
T_8.1 ;
    %jmp T_8;
    .thread T_8;
    .scope S_000001e17912a410;
T_9 ;
    %pushi/vec4 0, 0, 1;
    %store/vec4 v000001e179198800_0, 0, 1;
T_9.0 ;
    %delay 5000, 0;
    %load/vec4 v000001e179198800_0;
    %inv;
    %store/vec4 v000001e179198800_0, 0, 1;
    %jmp T_9.0;
    %end;
    .thread T_9;
    .scope S_000001e17912a410;
T_10 ;
    %vpi_func 3 51 "$fopen" 32, "multi_sine_Q3_14_columns.mem", "r" {0 0 0};
    %store/vec4 v000001e179198940_0, 0, 32;
    %vpi_func 3 54 "$fopen" 32, "output_direct_1.mem", "w" {0 0 0};
    %store/vec4 v000001e179198a80_0, 0, 32;
    %vpi_func 3 55 "$fopen" 32, "output_direct_2.mem", "w" {0 0 0};
    %store/vec4 v000001e179198080_0, 0, 32;
    %vpi_func 3 56 "$fopen" 32, "output_direct_3.mem", "w" {0 0 0};
    %store/vec4 v000001e179198260_0, 0, 32;
    %pushi/vec4 1, 0, 1;
    %store/vec4 v000001e179198120_0, 0, 1;
    %pushi/vec4 0, 0, 17;
    %store/vec4 v000001e179198440_0, 0, 17;
    %pushi/vec4 0, 0, 17;
    %store/vec4 v000001e1791984e0_0, 0, 17;
    %pushi/vec4 0, 0, 17;
    %store/vec4 v000001e17919b430_0, 0, 17;
    %delay 20000, 0;
    %pushi/vec4 0, 0, 1;
    %store/vec4 v000001e179198120_0, 0, 1;
    %pushi/vec4 0, 0, 32;
    %store/vec4 v000001e1791988a0_0, 0, 32;
T_10.0 ;
    %load/vec4 v000001e1791988a0_0;
    %cmpi/s 1000, 0, 32;
    %jmp/0xz T_10.1, 5;
    %vpi_func 3 69 "$fscanf" 32, v000001e179198940_0, "%b %b %b\012", v000001e179198c60_0, v000001e179198bc0_0, v000001e1791983a0_0 {0 0 0};
    %store/vec4 v000001e179198b20_0, 0, 32;
    %wait E_000001e179139220;
    %load/vec4 v000001e179198c60_0;
    %store/vec4 v000001e179198440_0, 0, 17;
    %load/vec4 v000001e179198bc0_0;
    %store/vec4 v000001e1791984e0_0, 0, 17;
    %load/vec4 v000001e1791983a0_0;
    %store/vec4 v000001e17919b430_0, 0, 17;
    %vpi_call/w 3 76 "$fwrite", v000001e179198a80_0, "%b\012", v000001e17919acb0_0 {0 0 0};
    %vpi_call/w 3 77 "$fwrite", v000001e179198080_0, "%b\012", v000001e17919a350_0 {0 0 0};
    %vpi_call/w 3 78 "$fwrite", v000001e179198260_0, "%b\012", v000001e17919b1b0_0 {0 0 0};
    %load/vec4 v000001e1791988a0_0;
    %addi 1, 0, 32;
    %store/vec4 v000001e1791988a0_0, 0, 32;
    %jmp T_10.0;
T_10.1 ;
    %pushi/vec4 0, 0, 32;
    %store/vec4 v000001e1791988a0_0, 0, 32;
T_10.2 ;
    %load/vec4 v000001e1791988a0_0;
    %cmpi/s 101, 0, 32;
    %jmp/0xz T_10.3, 5;
    %wait E_000001e179139220;
    %pushi/vec4 0, 0, 17;
    %store/vec4 v000001e179198440_0, 0, 17;
    %pushi/vec4 0, 0, 17;
    %store/vec4 v000001e1791984e0_0, 0, 17;
    %pushi/vec4 0, 0, 17;
    %store/vec4 v000001e17919b430_0, 0, 17;
    %vpi_call/w 3 88 "$fwrite", v000001e179198a80_0, "%b\012", v000001e17919acb0_0 {0 0 0};
    %vpi_call/w 3 89 "$fwrite", v000001e179198080_0, "%b\012", v000001e17919a350_0 {0 0 0};
    %vpi_call/w 3 90 "$fwrite", v000001e179198260_0, "%b\012", v000001e17919b1b0_0 {0 0 0};
    %load/vec4 v000001e1791988a0_0;
    %addi 1, 0, 32;
    %store/vec4 v000001e1791988a0_0, 0, 32;
    %jmp T_10.2;
T_10.3 ;
    %vpi_call/w 3 93 "$fclose", v000001e179198940_0 {0 0 0};
    %vpi_call/w 3 94 "$fclose", v000001e179198a80_0 {0 0 0};
    %vpi_call/w 3 95 "$fclose", v000001e179198080_0 {0 0 0};
    %vpi_call/w 3 96 "$fclose", v000001e179198260_0 {0 0 0};
    %vpi_call/w 3 97 "$finish" {0 0 0};
    %end;
    .thread T_10;
# The file index is used to find the file name in the following table.
:file_names 5;
    "N/A";
    "<interactive>";
    "-";
    "tb_lpf_direct.v";
    "lpf_direct.v";
